#
# There is insufficient memory for the Java Runtime Environment to continue.
# Native memory allocation (malloc) failed to allocate 588176 bytes. Error detail: Chunk::new
# Possible reasons:
#   The system is out of physical RAM or swap space
#   This process is running with CompressedOops enabled, and the Java Heap may be blocking the growth of the native heap
# Possible solutions:
#   Reduce memory load on the system
#   Increase physical memory or swap space
#   Check if swap backing store is full
#   Decrease Java heap size (-Xmx/-Xms)
#   Decrease number of Java threads
#   Decrease Java thread stack sizes (-Xss)
#   Set larger code cache with -XX:ReservedCodeCacheSize=
#   JVM is running with Unscaled Compressed Oops mode in which the Java heap is
#     placed in the first 4GB address space. The Java Heap base address is the
#     maximum limit for the native heap growth. Please use -XX:HeapBaseMinAddress
#     to set the Java Heap base and to place the Java Heap above 4GB virtual address.
# This output file may be truncated or incomplete.
#
#  Out of Memory Error (arena.cpp:168), pid=7748, tid=1540
#
# JRE version: OpenJDK Runtime Environment Temurin-21.0.6+7 (21.0.6+7) (build 21.0.6+7-LTS)
# Java VM: OpenJDK 64-Bit Server VM Temurin-21.0.6+7 (21.0.6+7-LTS, mixed mode, sharing, tiered, compressed oops, compressed class ptrs, parallel gc, windows-amd64)
# No core dump will be written. Minidumps are not enabled by default on client versions of Windows
#

---------------  S U M M A R Y ------------

Command Line: --add-modules=ALL-SYSTEM --add-opens=java.base/java.util=ALL-UNNAMED --add-opens=java.base/java.lang=ALL-UNNAMED --add-opens=java.base/sun.nio.fs=ALL-UNNAMED -Declipse.application=org.eclipse.jdt.ls.core.id1 -Dosgi.bundles.defaultStartLevel=4 -Declipse.product=org.eclipse.jdt.ls.core.product -Djava.import.generatesMetadataFilesAtProjectRoot=false -DDetectVMInstallationsJob.disabled=true -Dfile.encoding=utf8 -XX:+UseParallelGC -XX:GCTimeRatio=4 -XX:AdaptiveSizePolicyWeight=90 -Dsun.zip.disableMemoryMapping=true -Xmx1G -Xms100m -Xlog:disable -javaagent:c:\Users\Shusmitha\.trae\extensions\redhat.java-1.41.1-win32-x64\lombok\lombok-1.18.36.jar -XX:+HeapDumpOnOutOfMemoryError -XX:HeapDumpPath=c:\Users\Shusmitha\AppData\Roaming\Trae\User\workspaceStorage\90e09a74f49583c1b4325989ff2b56a8\redhat.java -Daether.dependencyCollector.impl=bf c:\Users\Shusmitha\.trae\extensions\redhat.java-1.41.1-win32-x64\server\plugins\org.eclipse.equinox.launcher_1.7.0.v20250331-1702.jar -configuration c:\Users\Shusmitha\AppData\Roaming\Trae\User\globalStorage\redhat.java\1.41.1\config_win -data c:\Users\Shusmitha\AppData\Roaming\Trae\User\workspaceStorage\90e09a74f49583c1b4325989ff2b56a8\redhat.java\jdt_ws --pipe=\\.\pipe\lsp-9084c92b6d983abaa8ab36a0b632fd3a-sock

Host: AMD Ryzen 5 5500H with Radeon Graphics         , 8 cores, 5G,  Windows 11 , 64 bit Build 22621 (10.0.22621.5124)
Time: Fri Apr 25 00:20:11 2025 Sri Lanka Standard Time elapsed time: 27.679660 seconds (0d 0h 0m 27s)

---------------  T H R E A D  ---------------

Current thread (0x00000220413f0eb0):  JavaThread "C2 CompilerThread0" daemon [_thread_in_native, id=1540, stack(0x0000007c53e00000,0x0000007c53f00000) (1024K)]


Current CompileTask:
C2:27679 2133       4       org.eclipse.osgi.util.ManifestElement::readLine (122 bytes)

Stack: [0x0000007c53e00000,0x0000007c53f00000]
Native frames: (J=compiled Java code, j=interpreted, Vv=VM code, C=native code)
V  [jvm.dll+0x6cdee9]
V  [jvm.dll+0x8a83d1]
V  [jvm.dll+0x8aa8fe]
V  [jvm.dll+0x8aafe3]
V  [jvm.dll+0x27f706]
V  [jvm.dll+0xc500d]
V  [jvm.dll+0xc5543]
V  [jvm.dll+0x3b6752]
V  [jvm.dll+0x382935]
V  [jvm.dll+0x381d9a]
V  [jvm.dll+0x2479f0]
V  [jvm.dll+0x246fcf]
V  [jvm.dll+0x1c75ee]
V  [jvm.dll+0x25685a]
V  [jvm.dll+0x254dfa]
V  [jvm.dll+0x3f0256]
V  [jvm.dll+0x851f8b]
V  [jvm.dll+0x6cc5ed]
C  [ucrtbase.dll+0x29333]
C  [KERNEL32.DLL+0x1259d]
C  [ntdll.dll+0x5af38]


---------------  P R O C E S S  ---------------

Threads class SMR info:
_java_thread_list=0x0000022088a62ea0, length=15, elements={
0x000002202ac39a90, 0x00000220413e83a0, 0x000002202d0ed360, 0x00000220413ea9f0,
0x00000220413eb700, 0x00000220413ec610, 0x00000220413f0080, 0x00000220413f0eb0,
0x000002204141bf70, 0x00000220880c9070, 0x000002208832ece0, 0x000002208806b150,
0x00000220883c55a0, 0x00000220881069a0, 0x000002208800afa0
}

Java Threads: ( => current thread )
  0x000002202ac39a90 JavaThread "main"                              [_thread_blocked, id=18928, stack(0x0000007c53400000,0x0000007c53500000) (1024K)]
  0x00000220413e83a0 JavaThread "Reference Handler"          daemon [_thread_blocked, id=19600, stack(0x0000007c53800000,0x0000007c53900000) (1024K)]
  0x000002202d0ed360 JavaThread "Finalizer"                  daemon [_thread_blocked, id=20524, stack(0x0000007c53900000,0x0000007c53a00000) (1024K)]
  0x00000220413ea9f0 JavaThread "Signal Dispatcher"          daemon [_thread_blocked, id=9256, stack(0x0000007c53a00000,0x0000007c53b00000) (1024K)]
  0x00000220413eb700 JavaThread "Attach Listener"            daemon [_thread_blocked, id=4100, stack(0x0000007c53b00000,0x0000007c53c00000) (1024K)]
  0x00000220413ec610 JavaThread "Service Thread"             daemon [_thread_blocked, id=13888, stack(0x0000007c53c00000,0x0000007c53d00000) (1024K)]
  0x00000220413f0080 JavaThread "Monitor Deflation Thread"   daemon [_thread_blocked, id=14872, stack(0x0000007c53d00000,0x0000007c53e00000) (1024K)]
=>0x00000220413f0eb0 JavaThread "C2 CompilerThread0"         daemon [_thread_in_native, id=1540, stack(0x0000007c53e00000,0x0000007c53f00000) (1024K)]
  0x000002204141bf70 JavaThread "C1 CompilerThread0"         daemon [_thread_blocked, id=21116, stack(0x0000007c53f00000,0x0000007c54000000) (1024K)]
  0x00000220880c9070 JavaThread "Common-Cleaner"             daemon [_thread_blocked, id=19280, stack(0x0000007c54000000,0x0000007c54100000) (1024K)]
  0x000002208832ece0 JavaThread "Notification Thread"        daemon [_thread_blocked, id=19500, stack(0x0000007c54100000,0x0000007c54200000) (1024K)]
  0x000002208806b150 JavaThread "Active Thread: Equinox Container: da650ac4-ca6a-4607-9bdf-751ec49e5add"        [_thread_blocked, id=22880, stack(0x0000007c54800000,0x0000007c54900000) (1024K)]
  0x00000220883c55a0 JavaThread "Refresh Thread: Equinox Container: da650ac4-ca6a-4607-9bdf-751ec49e5add" daemon [_thread_blocked, id=23180, stack(0x0000007c54900000,0x0000007c54a00000) (1024K)]
  0x00000220881069a0 JavaThread "Framework Event Dispatcher: Equinox Container: da650ac4-ca6a-4607-9bdf-751ec49e5add" daemon [_thread_blocked, id=23292, stack(0x0000007c54b00000,0x0000007c54c00000) (1024K)]
  0x000002208800afa0 JavaThread "Start Level: Equinox Container: da650ac4-ca6a-4607-9bdf-751ec49e5add" daemon [_thread_in_native, id=22900, stack(0x0000007c54c00000,0x0000007c54d00000) (1024K)]
Total: 15

Other Threads:
  0x000002202d0d6780 VMThread "VM Thread"                           [id=22080, stack(0x0000007c53700000,0x0000007c53800000) (1024K)]
  0x00000220412fca10 WatcherThread "VM Periodic Task Thread"        [id=21556, stack(0x0000007c53600000,0x0000007c53700000) (1024K)]
  0x000002202d0543c0 WorkerThread "GC Thread#0"                     [id=22160, stack(0x0000007c53500000,0x0000007c53600000) (1024K)]
  0x00000220884d5a50 WorkerThread "GC Thread#1"                     [id=23072, stack(0x0000007c54200000,0x0000007c54300000) (1024K)]
  0x00000220885bee20 WorkerThread "GC Thread#2"                     [id=23080, stack(0x0000007c54300000,0x0000007c54400000) (1024K)]
  0x00000220885bf1c0 WorkerThread "GC Thread#3"                     [id=23084, stack(0x0000007c54400000,0x0000007c54500000) (1024K)]
  0x000002208859ff70 WorkerThread "GC Thread#4"                     [id=23088, stack(0x0000007c54500000,0x0000007c54600000) (1024K)]
  0x00000220885a0310 WorkerThread "GC Thread#5"                     [id=23096, stack(0x0000007c54600000,0x0000007c54700000) (1024K)]
  0x00000220885b35b0 WorkerThread "GC Thread#6"                     [id=23100, stack(0x0000007c54700000,0x0000007c54800000) (1024K)]
  0x00000220881040d0 WorkerThread "GC Thread#7"                     [id=20172, stack(0x0000007c54a00000,0x0000007c54b00000) (1024K)]
Total: 10

Threads with active compile tasks:
C2 CompilerThread0  27712 2133       4       org.eclipse.osgi.util.ManifestElement::readLine (122 bytes)
Total: 1

VM state: not at safepoint (normal execution)

VM Mutex/Monitor currently owned by a thread: None

Heap address: 0x00000000c0000000, size: 1024 MB, Compressed Oops mode: 32-bit

CDS archive(s) mapped at: [0x0000022042000000-0x0000022042ba0000-0x0000022042ba0000), size 12189696, SharedBaseAddress: 0x0000022042000000, ArchiveRelocationMode: 1.
Compressed class space mapped at: 0x0000022043000000-0x0000022083000000, reserved size: 1073741824
Narrow klass base: 0x0000022042000000, Narrow klass shift: 0, Narrow klass range: 0x100000000

GC Precious Log:
 CardTable entry size: 512
 CPUs: 8 total, 8 available
 Memory: 5996M
 Large Page Support: Disabled
 NUMA Support: Disabled
 Compressed Oops: Enabled (32-bit)
 Alignments: Space 512K, Generation 512K, Heap 2M
 Heap Min Capacity: 100M
 Heap Initial Capacity: 100M
 Heap Max Capacity: 1G
 Pre-touch: Disabled
 Parallel Workers: 8

Heap:
 PSYoungGen      total 29696K, used 23596K [0x00000000eab00000, 0x00000000ecc00000, 0x0000000100000000)
  eden space 25600K, 76% used [0x00000000eab00000,0x00000000ebe0d960,0x00000000ec400000)
  from space 4096K, 99% used [0x00000000ec800000,0x00000000ecbfd7e0,0x00000000ecc00000)
  to   space 4096K, 0% used [0x00000000ec400000,0x00000000ec400000,0x00000000ec800000)
 ParOldGen       total 68608K, used 1678K [0x00000000c0000000, 0x00000000c4300000, 0x00000000eab00000)
  object space 68608K, 2% used [0x00000000c0000000,0x00000000c01a3840,0x00000000c4300000)
 Metaspace       used 9113K, committed 9472K, reserved 1114112K
  class space    used 918K, committed 1088K, reserved 1048576K

Card table byte_map: [0x000002202c9d0000,0x000002202cbe0000] _byte_map_base: 0x000002202c3d0000

Marking Bits: (ParMarkBitMap*) 0x00007fff32ec3260
 Begin Bits: [0x000002203f220000, 0x0000022040220000)
 End Bits:   [0x0000022040220000, 0x0000022041220000)

Polling page: 0x000002202aff0000

Metaspace:

Usage:
  Non-class:      8.00 MB used.
      Class:    918.69 KB used.
       Both:      8.90 MB used.

Virtual space:
  Non-class space:       64.00 MB reserved,       8.19 MB ( 13%) committed,  1 nodes.
      Class space:        1.00 GB reserved,       1.06 MB ( <1%) committed,  1 nodes.
             Both:        1.06 GB reserved,       9.25 MB ( <1%) committed. 

Chunk freelists:
   Non-Class:  6.92 MB
       Class:  14.83 MB
        Both:  21.75 MB

MaxMetaspaceSize: unlimited
CompressedClassSpaceSize: 1.00 GB
Initial GC threshold: 21.00 MB
Current GC threshold: 21.00 MB
CDS: on
 - commit_granule_bytes: 65536.
 - commit_granule_words: 8192.
 - virtual_space_node_default_size: 8388608.
 - enlarge_chunks_in_place: 1.
 - use_allocation_guard: 0.


Internal statistics:

num_allocs_failed_limit: 0.
num_arena_births: 250.
num_arena_deaths: 0.
num_vsnodes_births: 2.
num_vsnodes_deaths: 0.
num_space_committed: 148.
num_space_uncommitted: 0.
num_chunks_returned_to_freelist: 0.
num_chunks_taken_from_freelist: 477.
num_chunk_merges: 0.
num_chunk_splits: 310.
num_chunks_enlarged: 207.
num_inconsistent_stats: 0.

CodeHeap 'non-profiled nmethods': size=120000Kb used=942Kb max_used=942Kb free=119057Kb
 bounds [0x0000022037cf0000, 0x0000022037f60000, 0x000002203f220000]
CodeHeap 'profiled nmethods': size=120000Kb used=3954Kb max_used=3954Kb free=116045Kb
 bounds [0x0000022030220000, 0x0000022030600000, 0x0000022037750000]
CodeHeap 'non-nmethods': size=5760Kb used=1226Kb max_used=1250Kb free=4533Kb
 bounds [0x0000022037750000, 0x00000220379c0000, 0x0000022037cf0000]
 total_blobs=2639 nmethods=2148 adapters=397
 compilation: enabled
              stopped_count=0, restarted_count=0
 full_count=0

Compilation events (20 events):
Event: 27.653 Thread 0x000002204141bf70 2139       3       java.util.ArrayList$ArrayListSpliterator::getFence (35 bytes)
Event: 27.654 Thread 0x000002204141bf70 nmethod 2139 0x00000220305f6f10 code [0x00000220305f70a0, 0x00000220305f71f0]
Event: 27.655 Thread 0x000002204141bf70 2140       3       java.util.concurrent.locks.ReentrantLock::newCondition (8 bytes)
Event: 27.655 Thread 0x000002204141bf70 nmethod 2140 0x00000220305f7290 code [0x00000220305f7440, 0x00000220305f76e8]
Event: 27.655 Thread 0x000002204141bf70 2141       3       java.util.concurrent.locks.ReentrantLock$Sync::newCondition (9 bytes)
Event: 27.655 Thread 0x000002204141bf70 nmethod 2141 0x00000220305f7810 code [0x00000220305f79c0, 0x00000220305f7c00]
Event: 27.657 Thread 0x000002204141bf70 2142       3       java.util.ArrayList::<init> (65 bytes)
Event: 27.657 Thread 0x000002204141bf70 nmethod 2142 0x00000220305f7d10 code [0x00000220305f7f20, 0x00000220305f8488]
Event: 27.661 Thread 0x000002204141bf70 2143       3       java.nio.charset.CoderResult::isOverflow (14 bytes)
Event: 27.661 Thread 0x000002204141bf70 nmethod 2143 0x00000220305f8610 code [0x00000220305f87a0, 0x00000220305f8900]
Event: 27.661 Thread 0x000002204141bf70 2144       3       java.util.Locale::toString (274 bytes)
Event: 27.663 Thread 0x000002204141bf70 nmethod 2144 0x00000220305f8990 code [0x00000220305f8d00, 0x00000220305fa128]
Event: 27.669 Thread 0x000002204141bf70 2145       1       java.util.stream.FindOps$FindOp::getOpFlags (5 bytes)
Event: 27.669 Thread 0x000002204141bf70 nmethod 2145 0x0000022037ddb310 code [0x0000022037ddb4a0, 0x0000022037ddb568]
Event: 27.675 Thread 0x000002204141bf70 2146       3       java.util.stream.ReferencePipeline::filter (22 bytes)
Event: 27.675 Thread 0x000002204141bf70 nmethod 2146 0x00000220305fa910 code [0x00000220305fab00, 0x00000220305faf90]
Event: 27.675 Thread 0x000002204141bf70 2147       3       java.util.stream.ReferencePipeline$2::<init> (15 bytes)
Event: 27.676 Thread 0x000002204141bf70 nmethod 2147 0x00000220305fb190 code [0x00000220305fb340, 0x00000220305fb580]
Event: 27.676 Thread 0x000002204141bf70 2148       3       java.util.stream.ReferencePipeline$2::opWrapSink (10 bytes)
Event: 27.676 Thread 0x000002204141bf70 nmethod 2148 0x00000220305fb710 code [0x00000220305fb900, 0x00000220305fbe28]

GC Heap History (4 events):
Event: 4.579 GC heap before
{Heap before GC invocations=1 (full 0):
 PSYoungGen      total 29696K, used 25600K [0x00000000eab00000, 0x00000000ecc00000, 0x0000000100000000)
  eden space 25600K, 100% used [0x00000000eab00000,0x00000000ec400000,0x00000000ec400000)
  from space 4096K, 0% used [0x00000000ec800000,0x00000000ec800000,0x00000000ecc00000)
  to   space 4096K, 0% used [0x00000000ec400000,0x00000000ec400000,0x00000000ec800000)
 ParOldGen       total 68608K, used 0K [0x00000000c0000000, 0x00000000c4300000, 0x00000000eab00000)
  object space 68608K, 0% used [0x00000000c0000000,0x00000000c0000000,0x00000000c4300000)
 Metaspace       used 4354K, committed 4544K, reserved 1114112K
  class space    used 439K, committed 512K, reserved 1048576K
}
Event: 4.596 GC heap after
{Heap after GC invocations=1 (full 0):
 PSYoungGen      total 29696K, used 3246K [0x00000000eab00000, 0x00000000ecc00000, 0x0000000100000000)
  eden space 25600K, 0% used [0x00000000eab00000,0x00000000eab00000,0x00000000ec400000)
  from space 4096K, 79% used [0x00000000ec400000,0x00000000ec72baa0,0x00000000ec800000)
  to   space 4096K, 0% used [0x00000000ec800000,0x00000000ec800000,0x00000000ecc00000)
 ParOldGen       total 68608K, used 8K [0x00000000c0000000, 0x00000000c4300000, 0x00000000eab00000)
  object space 68608K, 0% used [0x00000000c0000000,0x00000000c0002000,0x00000000c4300000)
 Metaspace       used 4354K, committed 4544K, reserved 1114112K
  class space    used 439K, committed 512K, reserved 1048576K
}
Event: 21.645 GC heap before
{Heap before GC invocations=2 (full 0):
 PSYoungGen      total 29696K, used 28846K [0x00000000eab00000, 0x00000000ecc00000, 0x0000000100000000)
  eden space 25600K, 100% used [0x00000000eab00000,0x00000000ec400000,0x00000000ec400000)
  from space 4096K, 79% used [0x00000000ec400000,0x00000000ec72baa0,0x00000000ec800000)
  to   space 4096K, 0% used [0x00000000ec800000,0x00000000ec800000,0x00000000ecc00000)
 ParOldGen       total 68608K, used 8K [0x00000000c0000000, 0x00000000c4300000, 0x00000000eab00000)
  object space 68608K, 0% used [0x00000000c0000000,0x00000000c0002000,0x00000000c4300000)
 Metaspace       used 8015K, committed 8320K, reserved 1114112K
  class space    used 789K, committed 960K, reserved 1048576K
}
Event: 21.657 GC heap after
{Heap after GC invocations=2 (full 0):
 PSYoungGen      total 29696K, used 4085K [0x00000000eab00000, 0x00000000ecc00000, 0x0000000100000000)
  eden space 25600K, 0% used [0x00000000eab00000,0x00000000eab00000,0x00000000ec400000)
  from space 4096K, 99% used [0x00000000ec800000,0x00000000ecbfd7e0,0x00000000ecc00000)
  to   space 4096K, 0% used [0x00000000ec400000,0x00000000ec400000,0x00000000ec800000)
 ParOldGen       total 68608K, used 1678K [0x00000000c0000000, 0x00000000c4300000, 0x00000000eab00000)
  object space 68608K, 2% used [0x00000000c0000000,0x00000000c01a3840,0x00000000c4300000)
 Metaspace       used 8015K, committed 8320K, reserved 1114112K
  class space    used 789K, committed 960K, reserved 1048576K
}

Dll operation events (9 events):
Event: 0.028 Loaded shared library c:\Users\Shusmitha\.trae\extensions\redhat.java-1.41.1-win32-x64\jre\21.0.6-win32-x86_64\bin\java.dll
Event: 0.458 Loaded shared library c:\Users\Shusmitha\.trae\extensions\redhat.java-1.41.1-win32-x64\jre\21.0.6-win32-x86_64\bin\zip.dll
Event: 0.516 Loaded shared library C:\Users\Shusmitha\.trae\extensions\redhat.java-1.41.1-win32-x64\jre\21.0.6-win32-x86_64\bin\instrument.dll
Event: 0.527 Loaded shared library C:\Users\Shusmitha\.trae\extensions\redhat.java-1.41.1-win32-x64\jre\21.0.6-win32-x86_64\bin\net.dll
Event: 0.530 Loaded shared library C:\Users\Shusmitha\.trae\extensions\redhat.java-1.41.1-win32-x64\jre\21.0.6-win32-x86_64\bin\nio.dll
Event: 0.537 Loaded shared library C:\Users\Shusmitha\.trae\extensions\redhat.java-1.41.1-win32-x64\jre\21.0.6-win32-x86_64\bin\zip.dll
Event: 0.587 Loaded shared library C:\Users\Shusmitha\.trae\extensions\redhat.java-1.41.1-win32-x64\jre\21.0.6-win32-x86_64\bin\jimage.dll
Event: 0.886 Loaded shared library c:\Users\Shusmitha\.trae\extensions\redhat.java-1.41.1-win32-x64\jre\21.0.6-win32-x86_64\bin\verify.dll
Event: 21.623 Loaded shared library C:\Users\Shusmitha\AppData\Roaming\Trae\User\globalStorage\redhat.java\1.41.1\config_win\org.eclipse.equinox.launcher\org.eclipse.equinox.launcher.win32.win32.x86_64_1.2.1300.v20250331-1702\eclipse_11911.dll

Deoptimization events (20 events):
Event: 21.839 Thread 0x000002208800afa0 Uncommon trap: trap_request=0xffffffde fr.pc=0x0000022037dc4e64 relative=0x0000000000000304
Event: 21.839 Thread 0x000002208800afa0 Uncommon trap: reason=class_check action=maybe_recompile pc=0x0000022037dc4e64 method=java.util.regex.Pattern$BmpCharPropertyGreedy.match(Ljava/util/regex/Matcher;ILjava/lang/CharSequence;)Z @ 26 c2
Event: 21.839 Thread 0x000002208800afa0 DEOPT PACKING pc=0x0000022037dc4e64 sp=0x0000007c54cfd6c0
Event: 21.839 Thread 0x000002208800afa0 DEOPT UNPACKING pc=0x00000220377a3aa2 sp=0x0000007c54cfd678 mode 2
Event: 21.839 Thread 0x000002208800afa0 Uncommon trap: trap_request=0xffffffde fr.pc=0x0000022037dc4e64 relative=0x0000000000000304
Event: 21.839 Thread 0x000002208800afa0 Uncommon trap: reason=class_check action=maybe_recompile pc=0x0000022037dc4e64 method=java.util.regex.Pattern$BmpCharPropertyGreedy.match(Ljava/util/regex/Matcher;ILjava/lang/CharSequence;)Z @ 26 c2
Event: 21.839 Thread 0x000002208800afa0 DEOPT PACKING pc=0x0000022037dc4e64 sp=0x0000007c54cfdc70
Event: 21.839 Thread 0x000002208800afa0 DEOPT UNPACKING pc=0x00000220377a3aa2 sp=0x0000007c54cfdc28 mode 2
Event: 21.853 Thread 0x000002208800afa0 Uncommon trap: trap_request=0xffffff45 fr.pc=0x0000022037da3130 relative=0x00000000000009d0
Event: 21.853 Thread 0x000002208800afa0 Uncommon trap: reason=unstable_if action=reinterpret pc=0x0000022037da3130 method=java.util.concurrent.ConcurrentHashMap.putVal(Ljava/lang/Object;Ljava/lang/Object;Z)Ljava/lang/Object; @ 148 c2
Event: 21.853 Thread 0x000002208800afa0 DEOPT PACKING pc=0x0000022037da3130 sp=0x0000007c54cfe560
Event: 21.853 Thread 0x000002208800afa0 DEOPT UNPACKING pc=0x00000220377a3aa2 sp=0x0000007c54cfe4d0 mode 2
Event: 27.637 Thread 0x000002208800afa0 DEOPT PACKING pc=0x00000220305beff5 sp=0x0000007c54cfdf60
Event: 27.637 Thread 0x000002208800afa0 DEOPT UNPACKING pc=0x00000220377a4242 sp=0x0000007c54cfd440 mode 0
Event: 27.659 Thread 0x000002208800afa0 DEOPT PACKING pc=0x00000220305beff5 sp=0x0000007c54cfdf60
Event: 27.659 Thread 0x000002208800afa0 DEOPT UNPACKING pc=0x00000220377a4242 sp=0x0000007c54cfd440 mode 0
Event: 27.669 Thread 0x000002208800afa0 DEOPT PACKING pc=0x00000220305beff5 sp=0x0000007c54cfdf60
Event: 27.669 Thread 0x000002208800afa0 DEOPT UNPACKING pc=0x00000220377a4242 sp=0x0000007c54cfd440 mode 0
Event: 27.674 Thread 0x000002208800afa0 DEOPT PACKING pc=0x00000220305beff5 sp=0x0000007c54cfdf60
Event: 27.674 Thread 0x000002208800afa0 DEOPT UNPACKING pc=0x00000220377a4242 sp=0x0000007c54cfd440 mode 0

Classes loaded (20 events):
Event: 21.809 Loading class sun/util/logging/resources/logging_en
Event: 21.809 Loading class sun/util/logging/resources/logging_en done
Event: 21.809 Loading class sun/util/logging/resources/logging_en
Event: 21.809 Loading class sun/util/logging/resources/logging_en done
Event: 21.810 Loading class sun/util/logging/resources/logging_en_US
Event: 21.810 Loading class sun/util/logging/resources/logging_en_US done
Event: 21.810 Loading class sun/util/logging/resources/logging_en_US
Event: 21.810 Loading class sun/util/logging/resources/logging_en_US done
Event: 21.812 Loading class java/util/Formatter$DateTime
Event: 21.812 Loading class java/util/Formatter$DateTime done
Event: 21.812 Loading class java/util/Formatter$FixedString
Event: 21.812 Loading class java/util/Formatter$FixedString done
Event: 21.813 Loading class java/time/ZonedDateTime$1
Event: 21.813 Loading class java/time/ZonedDateTime$1 done
Event: 21.816 Loading class jdk/internal/module/ModulePatcher$PatchedModuleReader
Event: 21.816 Loading class jdk/internal/module/ModulePatcher$PatchedModuleReader done
Event: 21.825 Loading class sun/text/resources/cldr/FormatData_en
Event: 21.826 Loading class sun/text/resources/cldr/FormatData_en done
Event: 21.826 Loading class sun/text/resources/cldr/FormatData_en_US
Event: 21.826 Loading class sun/text/resources/cldr/FormatData_en_US done

Classes unloaded (0 events):
No events

Classes redefined (0 events):
No events

Internal exceptions (20 events):
Event: 4.601 Thread 0x000002202ac39a90 Exception <a 'java/lang/NoSuchMethodError'{0x00000000eab42920}: 'void java.lang.invoke.DirectMethodHandle$Holder.invokeStatic(java.lang.Object, java.lang.Object, java.lang.Object, java.lang.Object)'> (0x00000000eab42920) 
thrown [s\src\hotspot\share\interpreter\linkResolver.cpp, line 773]
Event: 4.604 Thread 0x000002202ac39a90 Implicit null exception at 0x0000022037d4e29a to 0x0000022037d4e4a4
Event: 4.604 Thread 0x000002202ac39a90 Implicit null exception at 0x0000022037d4693d to 0x0000022037d469c1
Event: 4.908 Thread 0x000002202ac39a90 Exception <a 'java/lang/NoSuchMethodError'{0x00000000ead3dd38}: 'long java.lang.invoke.DirectMethodHandle$Holder.invokeStatic(java.lang.Object, java.lang.Object, int)'> (0x00000000ead3dd38) 
thrown [s\src\hotspot\share\interpreter\linkResolver.cpp, line 773]
Event: 4.911 Thread 0x000002202ac39a90 Exception <a 'java/lang/NoSuchMethodError'{0x00000000ead45840}: 'java.lang.Object java.lang.invoke.DirectMethodHandle$Holder.invokeSpecial(java.lang.Object, java.lang.Object, java.lang.Object, java.lang.Object, long)'> (0x00000000ead45840) 
thrown [s\src\hotspot\share\interpreter\linkResolver.cpp, line 773]
Event: 4.916 Thread 0x000002202ac39a90 Exception <a 'java/lang/NoSuchMethodError'{0x00000000ead534c0}: 'java.lang.Object java.lang.invoke.DirectMethodHandle$Holder.invokeSpecial(java.lang.Object, java.lang.Object, java.lang.Object, int, java.lang.Object)'> (0x00000000ead534c0) 
thrown [s\src\hotspot\share\interpreter\linkResolver.cpp, line 773]
Event: 4.922 Thread 0x000002202ac39a90 Exception <a 'java/lang/NoSuchMethodError'{0x00000000ead6aba0}: 'java.lang.Object java.lang.invoke.Invokers$Holder.invokeExact_MT(java.lang.Object, java.lang.Object, java.lang.Object, java.lang.Object, java.lang.Object, java.lang.Object)'> (0x00000000ead6aba0) 
thrown [s\src\hotspot\share\interpreter\linkResolver.cpp, line 773]
Event: 4.928 Thread 0x000002202ac39a90 Exception <a 'java/lang/NoSuchMethodError'{0x00000000ead846d0}: 'int java.lang.invoke.DirectMethodHandle$Holder.invokeStaticInit(java.lang.Object, java.lang.Object, java.lang.Object, java.lang.Object)'> (0x00000000ead846d0) 
thrown [s\src\hotspot\share\interpreter\linkResolver.cpp, line 773]
Event: 4.930 Thread 0x000002202ac39a90 Exception <a 'java/lang/NoSuchMethodError'{0x00000000ead8ce88}: 'java.lang.Object java.lang.invoke.DirectMethodHandle$Holder.invokeInterface(java.lang.Object, java.lang.Object)'> (0x00000000ead8ce88) 
thrown [s\src\hotspot\share\interpreter\linkResolver.cpp, line 773]
Event: 4.930 Thread 0x000002202ac39a90 Exception <a 'java/lang/IncompatibleClassChangeError'{0x00000000ead903c0}: Found class java.lang.Object, but interface was expected> (0x00000000ead903c0) 
thrown [s\src\hotspot\share\interpreter\linkResolver.cpp, line 840]
Event: 4.931 Thread 0x000002202ac39a90 Exception <a 'java/lang/NoSuchMethodError'{0x00000000ead94578}: 'void java.lang.invoke.DirectMethodHandle$Holder.invokeStatic(java.lang.Object, java.lang.Object)'> (0x00000000ead94578) 
thrown [s\src\hotspot\share\interpreter\linkResolver.cpp, line 773]
Event: 4.932 Thread 0x000002202ac39a90 Exception <a 'java/lang/NoSuchMethodError'{0x00000000ead97920}: 'void java.lang.invoke.DirectMethodHandle$Holder.invokeStaticInit(java.lang.Object, java.lang.Object)'> (0x00000000ead97920) 
thrown [s\src\hotspot\share\interpreter\linkResolver.cpp, line 773]
Event: 5.002 Thread 0x000002202ac39a90 Exception <a 'java/lang/NoSuchMethodError'{0x00000000ead9e8b0}: 'int java.lang.invoke.DirectMethodHandle$Holder.invokeStaticInit(java.lang.Object, java.lang.Object)'> (0x00000000ead9e8b0) 
thrown [s\src\hotspot\share\interpreter\linkResolver.cpp, line 773]
Event: 5.401 Thread 0x000002202ac39a90 Exception <a 'java/lang/NoSuchMethodError'{0x00000000eaefffe8}: 'void java.lang.invoke.DirectMethodHandle$Holder.invokeSpecial(java.lang.Object, java.lang.Object, java.lang.Object)'> (0x00000000eaefffe8) 
thrown [s\src\hotspot\share\interpreter\linkResolver.cpp, line 773]
Event: 6.448 Thread 0x000002202ac39a90 Exception <a 'java/lang/NoSuchMethodError'{0x00000000eb8f58c0}: 'int java.lang.invoke.DirectMethodHandle$Holder.invokeVirtual(java.lang.Object, java.lang.Object)'> (0x00000000eb8f58c0) 
thrown [s\src\hotspot\share\interpreter\linkResolver.cpp, line 773]
Event: 6.998 Thread 0x000002202ac39a90 Exception <a 'java/lang/NoSuchMethodError'{0x00000000ebc554c8}: 'java.lang.Object java.lang.invoke.DirectMethodHandle$Holder.newInvokeSpecial(java.lang.Object, int, java.lang.Object)'> (0x00000000ebc554c8) 
thrown [s\src\hotspot\share\interpreter\linkResolver.cpp, line 773]
Event: 7.105 Thread 0x000002202ac39a90 Exception <a 'java/lang/NoSuchMethodError'{0x00000000ebdecfc0}: 'java.lang.Object java.lang.invoke.DirectMethodHandle$Holder.newInvokeSpecial(java.lang.Object, java.lang.Object, java.lang.Object, java.lang.Object, int, java.lang.Object)'> (0x00000000ebdecfc0) 
thrown [s\src\hotspot\share\interpreter\linkResolver.cpp, line 773]
Event: 21.614 Thread 0x000002202ac39a90 Exception <a 'java/lang/UnsatisfiedLinkError'{0x00000000ec2932b8}: 'void org.eclipse.equinox.launcher.JNIBridge._update_splash()'> (0x00000000ec2932b8) 
thrown [s\src\hotspot\share\prims\nativeLookup.cpp, line 415]
Event: 21.763 Thread 0x000002208800afa0 Exception <a 'java/lang/NoSuchMethodError'{0x00000000eb028618}: 'java.lang.Object java.lang.invoke.DirectMethodHandle$Holder.newInvokeSpecial(java.lang.Object, java.lang.Object, int, java.lang.Object)'> (0x00000000eb028618) 
thrown [s\src\hotspot\share\interpreter\linkResolver.cpp, line 773]
Event: 21.807 Thread 0x000002208800afa0 Exception <a 'java/lang/ClassNotFoundException'{0x00000000eb1f4290}: sun/util/logging/resources/spi/loggingProvider> (0x00000000eb1f4290) 
thrown [s\src\hotspot\share\classfile\systemDictionary.cpp, line 312]

ZGC Phase Switch (0 events):
No events

VM Operations (20 events):
Event: 6.882 Executing VM operation: HandshakeAllThreads (Deoptimize)
Event: 6.882 Executing VM operation: HandshakeAllThreads (Deoptimize) done
Event: 7.098 Executing VM operation: HandshakeAllThreads (Deoptimize)
Event: 7.098 Executing VM operation: HandshakeAllThreads (Deoptimize) done
Event: 8.109 Executing VM operation: Cleanup
Event: 8.110 Executing VM operation: Cleanup done
Event: 21.645 Executing VM operation: ParallelGCFailedAllocation (Allocation Failure)
Event: 21.657 Executing VM operation: ParallelGCFailedAllocation (Allocation Failure) done
Event: 21.728 Executing VM operation: HandshakeAllThreads (Deoptimize)
Event: 21.728 Executing VM operation: HandshakeAllThreads (Deoptimize) done
Event: 21.794 Executing VM operation: HandshakeAllThreads (Deoptimize)
Event: 21.794 Executing VM operation: HandshakeAllThreads (Deoptimize) done
Event: 21.817 Executing VM operation: HandshakeAllThreads (Deoptimize)
Event: 21.817 Executing VM operation: HandshakeAllThreads (Deoptimize) done
Event: 21.830 Executing VM operation: HandshakeAllThreads (Deoptimize)
Event: 21.831 Executing VM operation: HandshakeAllThreads (Deoptimize) done
Event: 21.853 Executing VM operation: HandshakeAllThreads (Deoptimize)
Event: 21.853 Executing VM operation: HandshakeAllThreads (Deoptimize) done
Event: 22.861 Executing VM operation: Cleanup
Event: 22.861 Executing VM operation: Cleanup done

Memory protections (0 events):
No events

Nmethod flushes (0 events):
No events

Events (15 events):
Event: 0.085 Thread 0x000002202ac39a90 Thread added: 0x000002202ac39a90
Event: 0.195 Thread 0x000002202ac39a90 Thread added: 0x00000220413e83a0
Event: 0.195 Thread 0x000002202ac39a90 Thread added: 0x000002202d0ed360
Event: 0.196 Thread 0x000002202ac39a90 Thread added: 0x00000220413ea9f0
Event: 0.196 Thread 0x000002202ac39a90 Thread added: 0x00000220413eb700
Event: 0.196 Thread 0x000002202ac39a90 Thread added: 0x00000220413ec610
Event: 0.196 Thread 0x000002202ac39a90 Thread added: 0x00000220413f0080
Event: 0.196 Thread 0x000002202ac39a90 Thread added: 0x00000220413f0eb0
Event: 0.198 Thread 0x000002202ac39a90 Thread added: 0x000002204141bf70
Event: 0.401 Thread 0x000002202ac39a90 Thread added: 0x00000220880c9070
Event: 1.371 Thread 0x000002202ac39a90 Thread added: 0x000002208832ece0
Event: 6.723 Thread 0x000002202ac39a90 Thread added: 0x000002208806b150
Event: 21.612 Thread 0x000002202ac39a90 Thread added: 0x00000220883c55a0
Event: 21.672 Thread 0x00000220883c55a0 Thread added: 0x00000220881069a0
Event: 21.676 Thread 0x000002202ac39a90 Thread added: 0x000002208800afa0


Dynamic libraries:
0x00007ff6e51c0000 - 0x00007ff6e51ce000 	c:\Users\Shusmitha\.trae\extensions\redhat.java-1.41.1-win32-x64\jre\21.0.6-win32-x86_64\bin\java.exe
0x00007ffff9230000 - 0x00007ffff9447000 	C:\Windows\SYSTEM32\ntdll.dll
0x00007ffff8770000 - 0x00007ffff8834000 	C:\Windows\System32\KERNEL32.DLL
0x00007ffff68e0000 - 0x00007ffff6cb3000 	C:\Windows\System32\KERNELBASE.dll
0x00007ffff6cc0000 - 0x00007ffff6dd1000 	C:\Windows\System32\ucrtbase.dll
0x00007fffd2760000 - 0x00007fffd2778000 	c:\Users\Shusmitha\.trae\extensions\redhat.java-1.41.1-win32-x64\jre\21.0.6-win32-x86_64\bin\jli.dll
0x00007ffff85b0000 - 0x00007ffff8761000 	C:\Windows\System32\USER32.dll
0x00007ffff6340000 - 0x00007ffff6366000 	C:\Windows\System32\win32u.dll
0x00007ffff6f50000 - 0x00007ffff6f79000 	C:\Windows\System32\GDI32.dll
0x00007ffff6560000 - 0x00007ffff667b000 	C:\Windows\System32\gdi32full.dll
0x00007ffff6840000 - 0x00007ffff68da000 	C:\Windows\System32\msvcp_win.dll
0x00007fffd2740000 - 0x00007fffd275e000 	c:\Users\Shusmitha\.trae\extensions\redhat.java-1.41.1-win32-x64\jre\21.0.6-win32-x86_64\bin\VCRUNTIME140.dll
0x00007fffe6eb0000 - 0x00007fffe7148000 	C:\Windows\WinSxS\amd64_microsoft.windows.common-controls_6595b64144ccf1df_6.0.22621.5124_none_270e8f4f7386d69d\COMCTL32.dll
0x00007ffff6f80000 - 0x00007ffff7027000 	C:\Windows\System32\msvcrt.dll
0x00007ffff70e0000 - 0x00007ffff7111000 	C:\Windows\System32\IMM32.DLL
0x00007fffe0a30000 - 0x00007fffe0a3c000 	c:\Users\Shusmitha\.trae\extensions\redhat.java-1.41.1-win32-x64\jre\21.0.6-win32-x86_64\bin\vcruntime140_1.dll
0x00007fffd26b0000 - 0x00007fffd273d000 	c:\Users\Shusmitha\.trae\extensions\redhat.java-1.41.1-win32-x64\jre\21.0.6-win32-x86_64\bin\msvcp140.dll
0x00007fff32210000 - 0x00007fff32fa0000 	c:\Users\Shusmitha\.trae\extensions\redhat.java-1.41.1-win32-x64\jre\21.0.6-win32-x86_64\bin\server\jvm.dll
0x00007ffff7140000 - 0x00007ffff71f1000 	C:\Windows\System32\ADVAPI32.dll
0x00007ffff7030000 - 0x00007ffff70d8000 	C:\Windows\System32\sechost.dll
0x00007ffff6de0000 - 0x00007ffff6e08000 	C:\Windows\System32\bcrypt.dll
0x00007ffff7a10000 - 0x00007ffff7b24000 	C:\Windows\System32\RPCRT4.dll
0x00007ffff6ed0000 - 0x00007ffff6f41000 	C:\Windows\System32\WS2_32.dll
0x00007ffff5180000 - 0x00007ffff51cd000 	C:\Windows\SYSTEM32\POWRPROF.dll
0x00007ffff2c60000 - 0x00007ffff2c6a000 	C:\Windows\SYSTEM32\VERSION.dll
0x00007ffff24b0000 - 0x00007ffff24e4000 	C:\Windows\SYSTEM32\WINMM.dll
0x00007ffff5160000 - 0x00007ffff5173000 	C:\Windows\SYSTEM32\UMPDC.dll
0x00007ffff5420000 - 0x00007ffff5438000 	C:\Windows\SYSTEM32\kernel.appcore.dll
0x00007fffe09f0000 - 0x00007fffe09fa000 	c:\Users\Shusmitha\.trae\extensions\redhat.java-1.41.1-win32-x64\jre\21.0.6-win32-x86_64\bin\jimage.dll
0x00007fffef2c0000 - 0x00007fffef4f2000 	C:\Windows\SYSTEM32\DBGHELP.DLL
0x00007ffff7340000 - 0x00007ffff76d2000 	C:\Windows\System32\combase.dll
0x00007ffff9080000 - 0x00007ffff9157000 	C:\Windows\System32\OLEAUT32.dll
0x00007fffdbc60000 - 0x00007fffdbc92000 	C:\Windows\SYSTEM32\dbgcore.DLL
0x00007ffff67c0000 - 0x00007ffff683b000 	C:\Windows\System32\bcryptPrimitives.dll
0x00007fffd26a0000 - 0x00007fffd26af000 	c:\Users\Shusmitha\.trae\extensions\redhat.java-1.41.1-win32-x64\jre\21.0.6-win32-x86_64\bin\instrument.dll
0x00007fffd2680000 - 0x00007fffd269f000 	c:\Users\Shusmitha\.trae\extensions\redhat.java-1.41.1-win32-x64\jre\21.0.6-win32-x86_64\bin\java.dll
0x00007ffff7d10000 - 0x00007ffff85a6000 	C:\Windows\System32\SHELL32.dll
0x00007ffff6680000 - 0x00007ffff67bf000 	C:\Windows\System32\wintypes.dll
0x00007ffff4220000 - 0x00007ffff4b3a000 	C:\Windows\SYSTEM32\windows.storage.dll
0x00007ffff8d20000 - 0x00007ffff8e2a000 	C:\Windows\System32\SHCORE.dll
0x00007ffff9010000 - 0x00007ffff9073000 	C:\Windows\System32\shlwapi.dll
0x00007ffff6270000 - 0x00007ffff629b000 	C:\Windows\SYSTEM32\profapi.dll
0x00007fffd2660000 - 0x00007fffd2678000 	c:\Users\Shusmitha\.trae\extensions\redhat.java-1.41.1-win32-x64\jre\21.0.6-win32-x86_64\bin\zip.dll
0x00007fffd2650000 - 0x00007fffd2660000 	C:\Users\Shusmitha\.trae\extensions\redhat.java-1.41.1-win32-x64\jre\21.0.6-win32-x86_64\bin\net.dll
0x00007ffff20f0000 - 0x00007ffff221c000 	C:\Windows\SYSTEM32\WINHTTP.dll
0x00007ffff5890000 - 0x00007ffff58fa000 	C:\Windows\system32\mswsock.dll
0x00007fffd2630000 - 0x00007fffd2646000 	C:\Users\Shusmitha\.trae\extensions\redhat.java-1.41.1-win32-x64\jre\21.0.6-win32-x86_64\bin\nio.dll
0x00007fffd2620000 - 0x00007fffd2630000 	c:\Users\Shusmitha\.trae\extensions\redhat.java-1.41.1-win32-x64\jre\21.0.6-win32-x86_64\bin\verify.dll
0x00007fffd2480000 - 0x00007fffd24c5000 	C:\Users\Shusmitha\AppData\Roaming\Trae\User\globalStorage\redhat.java\1.41.1\config_win\org.eclipse.equinox.launcher\org.eclipse.equinox.launcher.win32.win32.x86_64_1.2.1300.v20250331-1702\eclipse_11911.dll
0x00007ffff76f0000 - 0x00007ffff7891000 	C:\Windows\System32\ole32.dll

dbghelp: loaded successfully - version: 4.0.5 - missing functions: none
symbol engine: initialized successfully - sym options: 0x614 - pdb path: .;c:\Users\Shusmitha\.trae\extensions\redhat.java-1.41.1-win32-x64\jre\21.0.6-win32-x86_64\bin;C:\Windows\SYSTEM32;C:\Windows\WinSxS\amd64_microsoft.windows.common-controls_6595b64144ccf1df_6.0.22621.5124_none_270e8f4f7386d69d;c:\Users\Shusmitha\.trae\extensions\redhat.java-1.41.1-win32-x64\jre\21.0.6-win32-x86_64\bin\server;C:\Users\Shusmitha\AppData\Roaming\Trae\User\globalStorage\redhat.java\1.41.1\config_win\org.eclipse.equinox.launcher\org.eclipse.equinox.launcher.win32.win32.x86_64_1.2.1300.v20250331-1702

VM Arguments:
jvm_args: --add-modules=ALL-SYSTEM --add-opens=java.base/java.util=ALL-UNNAMED --add-opens=java.base/java.lang=ALL-UNNAMED --add-opens=java.base/sun.nio.fs=ALL-UNNAMED -Declipse.application=org.eclipse.jdt.ls.core.id1 -Dosgi.bundles.defaultStartLevel=4 -Declipse.product=org.eclipse.jdt.ls.core.product -Djava.import.generatesMetadataFilesAtProjectRoot=false -DDetectVMInstallationsJob.disabled=true -Dfile.encoding=utf8 -XX:+UseParallelGC -XX:GCTimeRatio=4 -XX:AdaptiveSizePolicyWeight=90 -Dsun.zip.disableMemoryMapping=true -Xmx1G -Xms100m -Xlog:disable -javaagent:c:\Users\Shusmitha\.trae\extensions\redhat.java-1.41.1-win32-x64\lombok\lombok-1.18.36.jar -XX:+HeapDumpOnOutOfMemoryError -XX:HeapDumpPath=c:\Users\Shusmitha\AppData\Roaming\Trae\User\workspaceStorage\90e09a74f49583c1b4325989ff2b56a8\redhat.java -Daether.dependencyCollector.impl=bf 
java_command: c:\Users\Shusmitha\.trae\extensions\redhat.java-1.41.1-win32-x64\server\plugins\org.eclipse.equinox.launcher_1.7.0.v20250331-1702.jar -configuration c:\Users\Shusmitha\AppData\Roaming\Trae\User\globalStorage\redhat.java\1.41.1\config_win -data c:\Users\Shusmitha\AppData\Roaming\Trae\User\workspaceStorage\90e09a74f49583c1b4325989ff2b56a8\redhat.java\jdt_ws --pipe=\\.\pipe\lsp-9084c92b6d983abaa8ab36a0b632fd3a-sock
java_class_path (initial): c:\Users\Shusmitha\.trae\extensions\redhat.java-1.41.1-win32-x64\server\plugins\org.eclipse.equinox.launcher_1.7.0.v20250331-1702.jar
Launcher Type: SUN_STANDARD

[Global flags]
    uintx AdaptiveSizePolicyWeight                 = 90                                        {product} {command line}
     intx CICompilerCount                          = 4                                         {product} {ergonomic}
    uintx GCTimeRatio                              = 4                                         {product} {command line}
     bool HeapDumpOnOutOfMemoryError               = true                                   {manageable} {command line}
    ccstr HeapDumpPath                             = c:\Users\Shusmitha\AppData\Roaming\Trae\User\workspaceStorage\90e09a74f49583c1b4325989ff2b56a8\redhat.java         {manageable} {command line}
   size_t InitialHeapSize                          = 104857600                                 {product} {command line}
   size_t MaxHeapSize                              = 1073741824                                {product} {command line}
   size_t MaxNewSize                               = 357564416                                 {product} {ergonomic}
   size_t MinHeapDeltaBytes                        = 524288                                    {product} {ergonomic}
   size_t MinHeapSize                              = 104857600                                 {product} {command line}
   size_t NewSize                                  = 34603008                                  {product} {ergonomic}
    uintx NonNMethodCodeHeapSize                   = 5839372                                {pd product} {ergonomic}
    uintx NonProfiledCodeHeapSize                  = 122909434                              {pd product} {ergonomic}
   size_t OldSize                                  = 70254592                                  {product} {ergonomic}
    uintx ProfiledCodeHeapSize                     = 122909434                              {pd product} {ergonomic}
    uintx ReservedCodeCacheSize                    = 251658240                              {pd product} {ergonomic}
     bool SegmentedCodeCache                       = true                                      {product} {ergonomic}
   size_t SoftMaxHeapSize                          = 1073741824                             {manageable} {ergonomic}
     bool UseCompressedOops                        = true                           {product lp64_product} {ergonomic}
     bool UseLargePagesIndividualAllocation        = false                                  {pd product} {ergonomic}
     bool UseParallelGC                            = true                                      {product} {command line}

Logging:
Log output configuration:
 #0: stdout all=off uptime,level,tags foldmultilines=false
 #1: stderr all=off uptime,level,tags foldmultilines=false

Environment Variables:
PATH=C:\Python313\Scripts\;C:\Python313\;C:\Program Files\Common Files\Oracle\Java\javapath;C:\Windows\system32;C:\Windows;C:\Windows\System32\Wbem;C:\Windows\System32\WindowsPowerShell\v1.0\;C:\Windows\System32\OpenSSH\;C:\Program Files\nodejs\;C:\ProgramData\chocolatey\bin;C:\Program Files\Docker\Docker\resources\bin;C:\Program Files\Git\cmd;C:\Program Files (x86)\Windows Kits\10\Windows Performance Toolkit\;C:\Program Files\Maven\apache-maven-3.9.9-bin\apache-maven-3.9.9\bin;C:\Program Files\MySQL\MySQL Server 8.0\bin;C:\Program Files\MySQL\MySQL Shell 8.0\bin\;C:\Python313\Scripts\;C:\Python313\;C:\Program Files\Common Files\Oracle\Java\javapath;C:\Windows\system32;C:\Windows;C:\Windows\System32\Wbem;C:\Windows\System32\WindowsPowerShell\v1.0\;C:\Windows\System32\OpenSSH\;C:\Program Files\nodejs\;C:\ProgramData\chocolatey\bin;C:\Program Files\Docker\Docker\resources\bin;C:\Program Files\Git\cmd;C:\Program Files (x86)\Windows Kits\10\Windows Performance Toolkit\;C:\Program Files\Maven\apache-maven-3.9.9-bin\apache-maven-3.9.9\bin;C:\Program Files\MySQL\MySQL Server 8.0\bin;;C:\Program Files\Maven\apache-maven-3.9.9-bin\apache-maven-3.9.9\bin\bin;c:\Users\Shusmitha\AppData\Local\Programs\Trae\resources\app\bin\lib
USERNAME=Shusmitha
OS=Windows_NT
PROCESSOR_IDENTIFIER=AMD64 Family 25 Model 80 Stepping 0, AuthenticAMD
TMP=C:\Users\SHUSMI~1\AppData\Local\Temp
TEMP=C:\Users\SHUSMI~1\AppData\Local\Temp




Periodic native trim disabled

---------------  S Y S T E M  ---------------

OS:
 Windows 11 , 64 bit Build 22621 (10.0.22621.5124)
OS uptime: 0 days 20:09 hours
Hyper-V role detected

CPU: total 8 (initial active 8) (8 cores per cpu, 2 threads per core) family 25 model 80 stepping 0 microcode 0x0, cx8, cmov, fxsr, ht, mmx, 3dnowpref, sse, sse2, sse3, ssse3, sse4a, sse4.1, sse4.2, popcnt, lzcnt, tsc, tscinvbit, avx, avx2, aes, erms, clmul, bmi1, bmi2, adx, sha, fma, vzeroupper, clflush, clflushopt, hv, rdtscp, rdpid, fsrm, f16c, cet_ss
Processor Information for the first 8 processors :
  Max Mhz: 3301, Current Mhz: 3301, Mhz Limit: 3301

Memory: 4k page, system-wide physical 5996M (168M free)
TotalPageFile size 24428M (AvailPageFile size 0M)
current process WorkingSet (physical memory assigned to process): 98M, peak: 98M
current process commit charge ("private bytes"): 211M, peak: 211M

vm_info: OpenJDK 64-Bit Server VM (21.0.6+7-LTS) for windows-amd64 JRE (21.0.6+7-LTS), built on 2025-01-21T00:00:00Z by "admin" with MS VC++ 17.7 (VS2022)

END.
