#
# There is insufficient memory for the Java Runtime Environment to continue.
# Native memory allocation (malloc) failed to allocate 386864 bytes. Error detail: Chunk::new
# Possible reasons:
#   The system is out of physical RAM or swap space
#   This process is running with CompressedOops enabled, and the Java Heap may be blocking the growth of the native heap
# Possible solutions:
#   Reduce memory load on the system
#   Increase physical memory or swap space
#   Check if swap backing store is full
#   Decrease Java heap size (-Xmx/-Xms)
#   Decrease number of Java threads
#   Decrease Java thread stack sizes (-Xss)
#   Set larger code cache with -XX:ReservedCodeCacheSize=
#   JVM is running with Unscaled Compressed Oops mode in which the Java heap is
#     placed in the first 4GB address space. The Java Heap base address is the
#     maximum limit for the native heap growth. Please use -XX:HeapBaseMinAddress
#     to set the Java Heap base and to place the Java Heap above 4GB virtual address.
# This output file may be truncated or incomplete.
#
#  Out of Memory Error (arena.cpp:168), pid=3376, tid=16584
#
# JRE version: OpenJDK Runtime Environment Temurin-21.0.6+7 (21.0.6+7) (build 21.0.6+7-LTS)
# Java VM: OpenJDK 64-Bit Server VM Temurin-21.0.6+7 (21.0.6+7-LTS, mixed mode, sharing, tiered, compressed oops, compressed class ptrs, parallel gc, windows-amd64)
# No core dump will be written. Minidumps are not enabled by default on client versions of Windows
#

---------------  S U M M A R Y ------------

Command Line: --add-modules=ALL-SYSTEM --add-opens=java.base/java.util=ALL-UNNAMED --add-opens=java.base/java.lang=ALL-UNNAMED --add-opens=java.base/sun.nio.fs=ALL-UNNAMED -Declipse.application=org.eclipse.jdt.ls.core.id1 -Dosgi.bundles.defaultStartLevel=4 -Declipse.product=org.eclipse.jdt.ls.core.product -Djava.import.generatesMetadataFilesAtProjectRoot=false -DDetectVMInstallationsJob.disabled=true -Dfile.encoding=utf8 -XX:+UseParallelGC -XX:GCTimeRatio=4 -XX:AdaptiveSizePolicyWeight=90 -Dsun.zip.disableMemoryMapping=true -Xmx1G -Xms100m -Xlog:disable -javaagent:c:\Users\Shusmitha\.trae\extensions\redhat.java-1.41.1-win32-x64\lombok\lombok-1.18.36.jar -XX:+HeapDumpOnOutOfMemoryError -XX:HeapDumpPath=c:\Users\Shusmitha\AppData\Roaming\Trae\User\workspaceStorage\90e09a74f49583c1b4325989ff2b56a8\redhat.java -Daether.dependencyCollector.impl=bf c:\Users\Shusmitha\.trae\extensions\redhat.java-1.41.1-win32-x64\server\plugins\org.eclipse.equinox.launcher_1.7.0.v20250331-1702.jar -configuration c:\Users\Shusmitha\AppData\Roaming\Trae\User\globalStorage\redhat.java\1.41.1\config_win -data c:\Users\Shusmitha\AppData\Roaming\Trae\User\workspaceStorage\90e09a74f49583c1b4325989ff2b56a8\redhat.java\jdt_ws --pipe=\\.\pipe\lsp-300682dd8b23769c9a0e899d4e9c2cdd-sock

Host: AMD Ryzen 5 5500H with Radeon Graphics         , 8 cores, 5G,  Windows 11 , 64 bit Build 22621 (10.0.22621.5124)
Time: Fri Apr 25 00:22:26 2025 Sri Lanka Standard Time elapsed time: 83.475578 seconds (0d 0h 1m 23s)

---------------  T H R E A D  ---------------

Current thread (0x00000248f59fb4c0):  JavaThread "C2 CompilerThread0" daemon [_thread_in_native, id=16584, stack(0x000000fb86e00000,0x000000fb86f00000) (1024K)]


Current CompileTask:
C2:83476 11657   !   4       java.util.jar.Attributes::read (494 bytes)

Stack: [0x000000fb86e00000,0x000000fb86f00000]
Native frames: (J=compiled Java code, j=interpreted, Vv=VM code, C=native code)
V  [jvm.dll+0x6cdee9]
V  [jvm.dll+0x8a83d1]
V  [jvm.dll+0x8aa8fe]
V  [jvm.dll+0x8aafe3]
V  [jvm.dll+0x27f706]
V  [jvm.dll+0xc500d]
V  [jvm.dll+0xc5543]
V  [jvm.dll+0x3b678c]
V  [jvm.dll+0x1dfc8a]
V  [jvm.dll+0x247b42]
V  [jvm.dll+0x246fcf]
V  [jvm.dll+0x1c75ee]
V  [jvm.dll+0x25685a]
V  [jvm.dll+0x254dfa]
V  [jvm.dll+0x3f0256]
V  [jvm.dll+0x851f8b]
V  [jvm.dll+0x6cc5ed]
C  [ucrtbase.dll+0x29333]
C  [KERNEL32.DLL+0x1259d]
C  [ntdll.dll+0x5af38]


---------------  P R O C E S S  ---------------

Threads class SMR info:
_java_thread_list=0x00000248fd018fb0, length=60, elements={
0x00000248f06407e0, 0x00000248f06f9fa0, 0x00000248f06fc8b0, 0x00000248f59f4c10,
0x00000248f59f5b20, 0x00000248f59f78e0, 0x00000248f59fa740, 0x00000248f59fb4c0,
0x00000248f740b670, 0x00000248f7485e30, 0x00000248f7666740, 0x00000248f7d13f60,
0x00000248f7b42260, 0x00000248f7dc99e0, 0x00000248f7dca810, 0x00000248fc1fbf90,
0x00000248fc4792a0, 0x00000248f76b1080, 0x00000248f76b1da0, 0x00000248f76aefb0,
0x00000248f76b0360, 0x00000248f76b2430, 0x00000248f76b09f0, 0x00000248f76af640,
0x00000248fcde5600, 0x00000248fcde69b0, 0x00000248fcde4250, 0x00000248fcde83f0,
0x00000248fcde1af0, 0x00000248fcde5c90, 0x00000248fcde1460, 0x00000248fcde3bc0,
0x00000248fcde3530, 0x00000248fcde2180, 0x00000248fcde48e0, 0x00000248fcde7040,
0x00000248fcde4f70, 0x00000248fcde6320, 0x00000248fcde76d0, 0x00000248fcde8a80,
0x00000248fcde7d60, 0x00000248f76afcd0, 0x00000248d02221c0, 0x00000248d0225640,
0x00000248d0221b30, 0x00000248d0227710, 0x00000248d0226360, 0x00000248d0222ee0,
0x00000248d02214a0, 0x00000248d0220780, 0x00000248d0227da0, 0x00000248d0223c00,
0x00000248d0225cd0, 0x00000248d0220e10, 0x00000248d02269f0, 0x00000248d0222850,
0x00000248d0224fb0, 0x00000248d0224290, 0x00000248d0224920, 0x00000248fc753e20
}

Java Threads: ( => current thread )
  0x00000248f06407e0 JavaThread "main"                              [_thread_blocked, id=5512, stack(0x000000fb86400000,0x000000fb86500000) (1024K)]
  0x00000248f06f9fa0 JavaThread "Reference Handler"          daemon [_thread_blocked, id=22120, stack(0x000000fb86800000,0x000000fb86900000) (1024K)]
  0x00000248f06fc8b0 JavaThread "Finalizer"                  daemon [_thread_blocked, id=20232, stack(0x000000fb86900000,0x000000fb86a00000) (1024K)]
  0x00000248f59f4c10 JavaThread "Signal Dispatcher"          daemon [_thread_blocked, id=19260, stack(0x000000fb86a00000,0x000000fb86b00000) (1024K)]
  0x00000248f59f5b20 JavaThread "Attach Listener"            daemon [_thread_blocked, id=18828, stack(0x000000fb86b00000,0x000000fb86c00000) (1024K)]
  0x00000248f59f78e0 JavaThread "Service Thread"             daemon [_thread_blocked, id=22052, stack(0x000000fb86c00000,0x000000fb86d00000) (1024K)]
  0x00000248f59fa740 JavaThread "Monitor Deflation Thread"   daemon [_thread_blocked, id=8344, stack(0x000000fb86d00000,0x000000fb86e00000) (1024K)]
=>0x00000248f59fb4c0 JavaThread "C2 CompilerThread0"         daemon [_thread_in_native, id=16584, stack(0x000000fb86e00000,0x000000fb86f00000) (1024K)]
  0x00000248f740b670 JavaThread "C1 CompilerThread0"         daemon [_thread_blocked, id=15312, stack(0x000000fb86f00000,0x000000fb87000000) (1024K)]
  0x00000248f7485e30 JavaThread "Common-Cleaner"             daemon [_thread_blocked, id=17888, stack(0x000000fb87000000,0x000000fb87100000) (1024K)]
  0x00000248f7666740 JavaThread "Notification Thread"        daemon [_thread_blocked, id=21756, stack(0x000000fb87100000,0x000000fb87200000) (1024K)]
  0x00000248f7d13f60 JavaThread "Active Thread: Equinox Container: b255ed9b-03c2-4e50-9f0a-656fe302c07c"        [_thread_blocked, id=8684, stack(0x000000fb87800000,0x000000fb87900000) (1024K)]
  0x00000248f7b42260 JavaThread "Refresh Thread: Equinox Container: b255ed9b-03c2-4e50-9f0a-656fe302c07c" daemon [_thread_blocked, id=20332, stack(0x000000fb87900000,0x000000fb87a00000) (1024K)]
  0x00000248f7dc99e0 JavaThread "Framework Event Dispatcher: Equinox Container: b255ed9b-03c2-4e50-9f0a-656fe302c07c" daemon [_thread_blocked, id=9540, stack(0x000000fb87b00000,0x000000fb87c00000) (1024K)]
  0x00000248f7dca810 JavaThread "Start Level: Equinox Container: b255ed9b-03c2-4e50-9f0a-656fe302c07c" daemon [_thread_blocked, id=23388, stack(0x000000fb87c00000,0x000000fb87d00000) (1024K)]
  0x00000248fc1fbf90 JavaThread "Bundle File Closer"         daemon [_thread_blocked, id=23176, stack(0x000000fb87d00000,0x000000fb87e00000) (1024K)]
  0x00000248fc4792a0 JavaThread "SCR Component Actor"        daemon [_thread_blocked, id=22964, stack(0x000000fb87e00000,0x000000fb87f00000) (1024K)]
  0x00000248f76b1080 JavaThread "Worker-JM"                         [_thread_blocked, id=15880, stack(0x000000fb88100000,0x000000fb88200000) (1024K)]
  0x00000248f76b1da0 JavaThread "JNA Cleaner"                daemon [_thread_blocked, id=22976, stack(0x000000fb88200000,0x000000fb88300000) (1024K)]
  0x00000248f76aefb0 JavaThread "Worker-0"                          [_thread_blocked, id=21004, stack(0x000000fb88300000,0x000000fb88400000) (1024K)]
  0x00000248f76b0360 JavaThread "Worker-1: Initialize Workspace"        [_thread_in_Java, id=22816, stack(0x000000fb88400000,0x000000fb88500000) (1024K)]
  0x00000248f76b2430 JavaThread "Java indexing"              daemon [_thread_blocked, id=16696, stack(0x000000fb88600000,0x000000fb88700000) (1024K)]
  0x00000248f76b09f0 JavaThread "Worker-2"                          [_thread_blocked, id=6752, stack(0x000000fb88700000,0x000000fb88800000) (1024K)]
  0x00000248f76af640 JavaThread "Worker-3"                          [_thread_blocked, id=14684, stack(0x000000fb88800000,0x000000fb88900000) (1024K)]
  0x00000248fcde5600 JavaThread "Worker-4"                          [_thread_blocked, id=21872, stack(0x000000fb88900000,0x000000fb88a00000) (1024K)]
  0x00000248fcde69b0 JavaThread "Worker-5"                          [_thread_blocked, id=18556, stack(0x000000fb88a00000,0x000000fb88b00000) (1024K)]
  0x00000248fcde4250 JavaThread "Thread-2"                   daemon [_thread_in_native, id=19736, stack(0x000000fb88b00000,0x000000fb88c00000) (1024K)]
  0x00000248fcde83f0 JavaThread "Thread-3"                   daemon [_thread_in_native, id=19344, stack(0x000000fb88c00000,0x000000fb88d00000) (1024K)]
  0x00000248fcde1af0 JavaThread "Thread-4"                   daemon [_thread_in_native, id=19540, stack(0x000000fb88d00000,0x000000fb88e00000) (1024K)]
  0x00000248fcde5c90 JavaThread "Thread-5"                   daemon [_thread_in_native, id=23108, stack(0x000000fb88e00000,0x000000fb88f00000) (1024K)]
  0x00000248fcde1460 JavaThread "Thread-6"                   daemon [_thread_in_native, id=14500, stack(0x000000fb88f00000,0x000000fb89000000) (1024K)]
  0x00000248fcde3bc0 JavaThread "Thread-7"                   daemon [_thread_in_native, id=9320, stack(0x000000fb89000000,0x000000fb89100000) (1024K)]
  0x00000248fcde3530 JavaThread "Thread-8"                   daemon [_thread_in_native, id=7588, stack(0x000000fb89100000,0x000000fb89200000) (1024K)]
  0x00000248fcde2180 JavaThread "Thread-9"                   daemon [_thread_in_native, id=18400, stack(0x000000fb89200000,0x000000fb89300000) (1024K)]
  0x00000248fcde48e0 JavaThread "Thread-10"                  daemon [_thread_in_native, id=8432, stack(0x000000fb89300000,0x000000fb89400000) (1024K)]
  0x00000248fcde7040 JavaThread "pool-2-thread-1"                   [_thread_blocked, id=17860, stack(0x000000fb89400000,0x000000fb89500000) (1024K)]
  0x00000248fcde4f70 JavaThread "WorkspaceEventsHandler"            [_thread_blocked, id=17952, stack(0x000000fb89500000,0x000000fb89600000) (1024K)]
  0x00000248fcde6320 JavaThread "pool-1-thread-1"                   [_thread_blocked, id=22128, stack(0x000000fb89600000,0x000000fb89700000) (1024K)]
  0x00000248fcde76d0 JavaThread "LocalFile Deleter"          daemon [_thread_blocked, id=3412, stack(0x000000fb87f00000,0x000000fb88000000) (1024K)]
  0x00000248fcde8a80 JavaThread "LocalFile Deleter"          daemon [_thread_blocked, id=17252, stack(0x000000fb89a00000,0x000000fb89b00000) (1024K)]
  0x00000248fcde7d60 JavaThread "LocalFile Deleter"          daemon [_thread_blocked, id=18484, stack(0x000000fb89b00000,0x000000fb89c00000) (1024K)]
  0x00000248f76afcd0 JavaThread "LocalFile Deleter"          daemon [_thread_blocked, id=22284, stack(0x000000fb89c00000,0x000000fb89d00000) (1024K)]
  0x00000248d02221c0 JavaThread "LocalFile Deleter"          daemon [_thread_blocked, id=22576, stack(0x000000fb89d00000,0x000000fb89e00000) (1024K)]
  0x00000248d0225640 JavaThread "LocalFile Deleter"          daemon [_thread_blocked, id=15796, stack(0x000000fb89e00000,0x000000fb89f00000) (1024K)]
  0x00000248d0221b30 JavaThread "LocalFile Deleter"          daemon [_thread_blocked, id=260, stack(0x000000fb89f00000,0x000000fb8a000000) (1024K)]
  0x00000248d0227710 JavaThread "LocalFile Deleter"          daemon [_thread_blocked, id=19848, stack(0x000000fb8a000000,0x000000fb8a100000) (1024K)]
  0x00000248d0226360 JavaThread "Compiler Source File Reader" daemon [_thread_blocked, id=13644, stack(0x000000fb8a100000,0x000000fb8a200000) (1024K)]
  0x00000248d0222ee0 JavaThread "Compiler Source File Reader" daemon [_thread_blocked, id=14960, stack(0x000000fb8a200000,0x000000fb8a300000) (1024K)]
  0x00000248d02214a0 JavaThread "Compiler Source File Reader" daemon [_thread_blocked, id=22604, stack(0x000000fb8a300000,0x000000fb8a400000) (1024K)]
  0x00000248d0220780 JavaThread "Compiler Source File Reader" daemon [_thread_blocked, id=18316, stack(0x000000fb8a400000,0x000000fb8a500000) (1024K)]
  0x00000248d0227da0 JavaThread "Compiler Source File Reader" daemon [_thread_blocked, id=21440, stack(0x000000fb8a500000,0x000000fb8a600000) (1024K)]
  0x00000248d0223c00 JavaThread "Compiler Source File Reader" daemon [_thread_blocked, id=21992, stack(0x000000fb8a600000,0x000000fb8a700000) (1024K)]
  0x00000248d0225cd0 JavaThread "Compiler Processing Task"   daemon [_thread_blocked, id=22716, stack(0x000000fb8a700000,0x000000fb8a800000) (1024K)]
  0x00000248d0220e10 JavaThread "Compiler Class File Writer" daemon [_thread_blocked, id=17244, stack(0x000000fb8a800000,0x000000fb8a900000) (1024K)]
  0x00000248d02269f0 JavaThread "Compiler Class File Writer" daemon [_thread_blocked, id=15656, stack(0x000000fb8a900000,0x000000fb8aa00000) (1024K)]
  0x00000248d0222850 JavaThread "Compiler Class File Writer" daemon [_thread_blocked, id=17908, stack(0x000000fb8aa00000,0x000000fb8ab00000) (1024K)]
  0x00000248d0224fb0 JavaThread "Compiler Class File Writer" daemon [_thread_blocked, id=19492, stack(0x000000fb8ab00000,0x000000fb8ac00000) (1024K)]
  0x00000248d0224290 JavaThread "Compiler Class File Writer" daemon [_thread_blocked, id=20308, stack(0x000000fb8ac00000,0x000000fb8ad00000) (1024K)]
  0x00000248d0224920 JavaThread "Compiler Class File Writer" daemon [_thread_blocked, id=11248, stack(0x000000fb8ad00000,0x000000fb8ae00000) (1024K)]
  0x00000248fc753e20 JavaThread "Worker-6"                          [_thread_blocked, id=4636, stack(0x000000fb8ae00000,0x000000fb8af00000) (1024K)]
Total: 60

Other Threads:
  0x00000248f06e0e00 VMThread "VM Thread"                           [id=21188, stack(0x000000fb86700000,0x000000fb86800000) (1024K)]
  0x00000248f590cb30 WatcherThread "VM Periodic Task Thread"        [id=21948, stack(0x000000fb86600000,0x000000fb86700000) (1024K)]
  0x00000248f065eda0 WorkerThread "GC Thread#0"                     [id=22316, stack(0x000000fb86500000,0x000000fb86600000) (1024K)]
  0x00000248f7d7bc10 WorkerThread "GC Thread#1"                     [id=23000, stack(0x000000fb87200000,0x000000fb87300000) (1024K)]
  0x00000248f7912600 WorkerThread "GC Thread#2"                     [id=20024, stack(0x000000fb87300000,0x000000fb87400000) (1024K)]
  0x00000248f79129a0 WorkerThread "GC Thread#3"                     [id=19608, stack(0x000000fb87400000,0x000000fb87500000) (1024K)]
  0x00000248f7912d40 WorkerThread "GC Thread#4"                     [id=21740, stack(0x000000fb87500000,0x000000fb87600000) (1024K)]
  0x00000248f79134f0 WorkerThread "GC Thread#5"                     [id=20888, stack(0x000000fb87600000,0x000000fb87700000) (1024K)]
  0x00000248f7a66e90 WorkerThread "GC Thread#6"                     [id=20560, stack(0x000000fb87700000,0x000000fb87800000) (1024K)]
  0x00000248f7dc4370 WorkerThread "GC Thread#7"                     [id=19544, stack(0x000000fb87a00000,0x000000fb87b00000) (1024K)]
Total: 10

Threads with active compile tasks:
C2 CompilerThread0  83520 11657   !   4       java.util.jar.Attributes::read (494 bytes)
C1 CompilerThread0  83520 11673       3       org.eclipse.core.runtime.Path::isValidSegment (62 bytes)
Total: 2

VM state: not at safepoint (normal execution)

VM Mutex/Monitor currently owned by a thread: None

Heap address: 0x00000000c0000000, size: 1024 MB, Compressed Oops mode: 32-bit

CDS archive(s) mapped at: [0x000002488f000000-0x000002488fba0000-0x000002488fba0000), size 12189696, SharedBaseAddress: 0x000002488f000000, ArchiveRelocationMode: 1.
Compressed class space mapped at: 0x0000024890000000-0x00000248d0000000, reserved size: 1073741824
Narrow klass base: 0x000002488f000000, Narrow klass shift: 0, Narrow klass range: 0x100000000

GC Precious Log:
 CardTable entry size: 512
 CPUs: 8 total, 8 available
 Memory: 5996M
 Large Page Support: Disabled
 NUMA Support: Disabled
 Compressed Oops: Enabled (32-bit)
 Alignments: Space 512K, Generation 512K, Heap 2M
 Heap Min Capacity: 100M
 Heap Initial Capacity: 100M
 Heap Max Capacity: 1G
 Pre-touch: Disabled
 Parallel Workers: 8

Heap:
 PSYoungGen      total 3072K, used 1292K [0x00000000eab00000, 0x00000000eb200000, 0x0000000100000000)
  eden space 2560K, 44% used [0x00000000eab00000,0x00000000eac1b340,0x00000000ead80000)
  from space 512K, 31% used [0x00000000eb100000,0x00000000eb128000,0x00000000eb180000)
  to   space 512K, 0% used [0x00000000eb180000,0x00000000eb180000,0x00000000eb200000)
 ParOldGen       total 435200K, used 434861K [0x00000000c0000000, 0x00000000da900000, 0x00000000eab00000)
  object space 435200K, 99% used [0x00000000c0000000,0x00000000da8ab630,0x00000000da900000)
 Metaspace       used 64569K, committed 65920K, reserved 1114112K
  class space    used 6748K, committed 7296K, reserved 1048576K

Card table byte_map: [0x00000248effe0000,0x00000248f01f0000] _byte_map_base: 0x00000248ef9e0000

Marking Bits: (ParMarkBitMap*) 0x00007fff3fd33260
 Begin Bits: [0x00000248f3830000, 0x00000248f4830000)
 End Bits:   [0x00000248f4830000, 0x00000248f5830000)

Polling page: 0x00000248ee4a0000

Metaspace:

Usage:
  Non-class:     56.47 MB used.
      Class:      6.59 MB used.
       Both:     63.06 MB used.

Virtual space:
  Non-class space:       64.00 MB reserved,      57.25 MB ( 89%) committed,  1 nodes.
      Class space:        1.00 GB reserved,       7.12 MB ( <1%) committed,  1 nodes.
             Both:        1.06 GB reserved,      64.38 MB (  6%) committed. 

Chunk freelists:
   Non-Class:  6.48 MB
       Class:  8.84 MB
        Both:  15.33 MB

MaxMetaspaceSize: unlimited
CompressedClassSpaceSize: 1.00 GB
Initial GC threshold: 21.00 MB
Current GC threshold: 97.31 MB
CDS: on
 - commit_granule_bytes: 65536.
 - commit_granule_words: 8192.
 - virtual_space_node_default_size: 8388608.
 - enlarge_chunks_in_place: 1.
 - use_allocation_guard: 0.


Internal statistics:

num_allocs_failed_limit: 9.
num_arena_births: 1050.
num_arena_deaths: 14.
num_vsnodes_births: 2.
num_vsnodes_deaths: 0.
num_space_committed: 1030.
num_space_uncommitted: 0.
num_chunks_returned_to_freelist: 23.
num_chunks_taken_from_freelist: 3759.
num_chunk_merges: 12.
num_chunk_splits: 2374.
num_chunks_enlarged: 1445.
num_inconsistent_stats: 0.

CodeHeap 'non-profiled nmethods': size=120000Kb used=8278Kb max_used=8278Kb free=111722Kb
 bounds [0x0000024887ad0000, 0x00000248882f0000, 0x000002488f000000]
CodeHeap 'profiled nmethods': size=120000Kb used=23991Kb max_used=23991Kb free=96008Kb
 bounds [0x0000024880000000, 0x0000024881770000, 0x0000024887530000]
CodeHeap 'non-nmethods': size=5760Kb used=1459Kb max_used=1523Kb free=4300Kb
 bounds [0x0000024887530000, 0x00000248877a0000, 0x0000024887ad0000]
 total_blobs=11712 nmethods=10938 adapters=680
 compilation: enabled
              stopped_count=0, restarted_count=0
 full_count=0

Compilation events (20 events):
Event: 83.184 Thread 0x00000248f740b670 11654       3       org.eclipse.core.runtime.IProgressMonitor::nullSafe (14 bytes)
Event: 83.185 Thread 0x00000248f740b670 nmethod 11654 0x0000024881760210 code [0x00000248817603c0, 0x0000024881760620]
Event: 83.239 Thread 0x00000248f740b670 11658   !   3       sun.nio.fs.WindowsNativeDispatcher::GetFileAttributesEx (73 bytes)
Event: 83.240 Thread 0x00000248f740b670 nmethod 11658 0x0000024881760710 code [0x0000024881760960, 0x0000024881760eb8]
Event: 83.345 Thread 0x00000248f59fb4c0 nmethod 11653 0x00000248882e0b10 code [0x00000248882e0fe0, 0x00000248882e3788]
Event: 83.346 Thread 0x00000248f59fb4c0 11657   !   4       java.util.jar.Attributes::read (494 bytes)
Event: 83.370 Thread 0x00000248f740b670 11659       3       org.eclipse.core.internal.resources.Resource::isConflicting (149 bytes)
Event: 83.371 Thread 0x00000248f740b670 nmethod 11659 0x0000024881761210 code [0x00000248817614c0, 0x0000024881762588]
Event: 83.371 Thread 0x00000248f740b670 11660       3       org.eclipse.core.internal.preferences.SortedProperties$$Lambda/0x000002489016b6c0::apply (10 bytes)
Event: 83.371 Thread 0x00000248f740b670 nmethod 11660 0x0000024881762a10 code [0x0000024881762bc0, 0x0000024881762ea8]
Event: 83.437 Thread 0x00000248f740b670 11661       3       org.eclipse.core.internal.resources.AliasManager$LocationMap::matchingResourcesDo (89 bytes)
Event: 83.438 Thread 0x00000248f740b670 nmethod 11661 0x0000024881762f90 code [0x0000024881763200, 0x0000024881763ec8]
Event: 83.438 Thread 0x00000248f740b670 11662       3       org.eclipse.core.internal.filesystem.local.LocalFile::getParent (25 bytes)
Event: 83.438 Thread 0x00000248f740b670 nmethod 11662 0x0000024881764110 code [0x0000024881764300, 0x0000024881764778]
Event: 83.438 Thread 0x00000248f740b670 11663       3       org.eclipse.core.internal.localstore.UnifiedTree::isChildrenMarker (11 bytes)
Event: 83.439 Thread 0x00000248f740b670 nmethod 11663 0x0000024881764990 code [0x0000024881764b40, 0x0000024881764cb8]
Event: 83.439 Thread 0x00000248f740b670 11664       3       org.eclipse.core.internal.localstore.UnifiedTree::isLevelMarker (11 bytes)
Event: 83.439 Thread 0x00000248f740b670 nmethod 11664 0x0000024881764d90 code [0x0000024881764f40, 0x00000248817650b8]
Event: 83.442 Thread 0x00000248f740b670 11665       3       java.io.File::getParent (65 bytes)
Event: 83.444 Thread 0x00000248f740b670 nmethod 11665 0x0000024881765190 code [0x00000248817653e0, 0x0000024881765aa8]

GC Heap History (20 events):
Event: 76.928 GC heap before
{Heap before GC invocations=427 (full 3):
 PSYoungGen      total 5120K, used 5116K [0x00000000eab00000, 0x00000000eb780000, 0x0000000100000000)
  eden space 2560K, 99% used [0x00000000eab00000,0x00000000ead7f028,0x00000000ead80000)
  from space 2560K, 100% used [0x00000000eae80000,0x00000000eb100000,0x00000000eb100000)
  to   space 5120K, 0% used [0x00000000eb280000,0x00000000eb280000,0x00000000eb780000)
 ParOldGen       total 429568K, used 429188K [0x00000000c0000000, 0x00000000da380000, 0x00000000eab00000)
  object space 429568K, 99% used [0x00000000c0000000,0x00000000da3210c8,0x00000000da380000)
 Metaspace       used 64222K, committed 65536K, reserved 1114112K
  class space    used 6724K, committed 7232K, reserved 1048576K
}
Event: 76.936 GC heap after
{Heap after GC invocations=427 (full 3):
 PSYoungGen      total 4096K, used 1185K [0x00000000eab00000, 0x00000000eb400000, 0x0000000100000000)
  eden space 2560K, 0% used [0x00000000eab00000,0x00000000eab00000,0x00000000ead80000)
  from space 1536K, 77% used [0x00000000eb280000,0x00000000eb3a8790,0x00000000eb400000)
  to   space 2560K, 0% used [0x00000000eaf00000,0x00000000eaf00000,0x00000000eb180000)
 ParOldGen       total 432128K, used 431732K [0x00000000c0000000, 0x00000000da600000, 0x00000000eab00000)
  object space 432128K, 99% used [0x00000000c0000000,0x00000000da59d0c8,0x00000000da600000)
 Metaspace       used 64222K, committed 65536K, reserved 1114112K
  class space    used 6724K, committed 7232K, reserved 1048576K
}
Event: 77.076 GC heap before
{Heap before GC invocations=428 (full 3):
 PSYoungGen      total 4096K, used 3397K [0x00000000eab00000, 0x00000000eb400000, 0x0000000100000000)
  eden space 2560K, 86% used [0x00000000eab00000,0x00000000ead28ef0,0x00000000ead80000)
  from space 1536K, 77% used [0x00000000eb280000,0x00000000eb3a8790,0x00000000eb400000)
  to   space 2560K, 0% used [0x00000000eaf00000,0x00000000eaf00000,0x00000000eb180000)
 ParOldGen       total 432128K, used 431732K [0x00000000c0000000, 0x00000000da600000, 0x00000000eab00000)
  object space 432128K, 99% used [0x00000000c0000000,0x00000000da59d0c8,0x00000000da600000)
 Metaspace       used 64222K, committed 65536K, reserved 1114112K
  class space    used 6724K, committed 7232K, reserved 1048576K
}
Event: 77.079 GC heap after
{Heap after GC invocations=428 (full 3):
 PSYoungGen      total 5120K, used 736K [0x00000000eab00000, 0x00000000eb300000, 0x0000000100000000)
  eden space 2560K, 0% used [0x00000000eab00000,0x00000000eab00000,0x00000000ead80000)
  from space 2560K, 28% used [0x00000000eaf00000,0x00000000eafb8018,0x00000000eb180000)
  to   space 1536K, 0% used [0x00000000eb180000,0x00000000eb180000,0x00000000eb300000)
 ParOldGen       total 433152K, used 432777K [0x00000000c0000000, 0x00000000da700000, 0x00000000eab00000)
  object space 433152K, 99% used [0x00000000c0000000,0x00000000da6a26c8,0x00000000da700000)
 Metaspace       used 64222K, committed 65536K, reserved 1114112K
  class space    used 6724K, committed 7232K, reserved 1048576K
}
Event: 81.851 GC heap before
{Heap before GC invocations=429 (full 3):
 PSYoungGen      total 5120K, used 3295K [0x00000000eab00000, 0x00000000eb300000, 0x0000000100000000)
  eden space 2560K, 99% used [0x00000000eab00000,0x00000000ead7fee8,0x00000000ead80000)
  from space 2560K, 28% used [0x00000000eaf00000,0x00000000eafb8018,0x00000000eb180000)
  to   space 1536K, 0% used [0x00000000eb180000,0x00000000eb180000,0x00000000eb300000)
 ParOldGen       total 433152K, used 432777K [0x00000000c0000000, 0x00000000da700000, 0x00000000eab00000)
  object space 433152K, 99% used [0x00000000c0000000,0x00000000da6a26c8,0x00000000da700000)
 Metaspace       used 64246K, committed 65536K, reserved 1114112K
  class space    used 6728K, committed 7232K, reserved 1048576K
}
Event: 81.855 GC heap after
{Heap after GC invocations=429 (full 3):
 PSYoungGen      total 3584K, used 832K [0x00000000eab00000, 0x00000000eb280000, 0x0000000100000000)
  eden space 2560K, 0% used [0x00000000eab00000,0x00000000eab00000,0x00000000ead80000)
  from space 1024K, 81% used [0x00000000eb180000,0x00000000eb250010,0x00000000eb280000)
  to   space 1024K, 0% used [0x00000000eb080000,0x00000000eb080000,0x00000000eb180000)
 ParOldGen       total 433152K, used 433105K [0x00000000c0000000, 0x00000000da700000, 0x00000000eab00000)
  object space 433152K, 99% used [0x00000000c0000000,0x00000000da6f46d0,0x00000000da700000)
 Metaspace       used 64246K, committed 65536K, reserved 1114112K
  class space    used 6728K, committed 7232K, reserved 1048576K
}
Event: 82.308 GC heap before
{Heap before GC invocations=430 (full 3):
 PSYoungGen      total 3584K, used 3392K [0x00000000eab00000, 0x00000000eb280000, 0x0000000100000000)
  eden space 2560K, 100% used [0x00000000eab00000,0x00000000ead80000,0x00000000ead80000)
  from space 1024K, 81% used [0x00000000eb180000,0x00000000eb250010,0x00000000eb280000)
  to   space 1024K, 0% used [0x00000000eb080000,0x00000000eb080000,0x00000000eb180000)
 ParOldGen       total 433152K, used 433105K [0x00000000c0000000, 0x00000000da700000, 0x00000000eab00000)
  object space 433152K, 99% used [0x00000000c0000000,0x00000000da6f46d0,0x00000000da700000)
 Metaspace       used 64328K, committed 65600K, reserved 1114112K
  class space    used 6732K, committed 7232K, reserved 1048576K
}
Event: 82.317 GC heap after
{Heap after GC invocations=430 (full 3):
 PSYoungGen      total 3584K, used 256K [0x00000000eab00000, 0x00000000eb200000, 0x0000000100000000)
  eden space 2560K, 0% used [0x00000000eab00000,0x00000000eab00000,0x00000000ead80000)
  from space 1024K, 25% used [0x00000000eb080000,0x00000000eb0c0000,0x00000000eb180000)
  to   space 512K, 0% used [0x00000000eb180000,0x00000000eb180000,0x00000000eb200000)
 ParOldGen       total 434176K, used 433769K [0x00000000c0000000, 0x00000000da800000, 0x00000000eab00000)
  object space 434176K, 99% used [0x00000000c0000000,0x00000000da79a6e0,0x00000000da800000)
 Metaspace       used 64328K, committed 65600K, reserved 1114112K
  class space    used 6732K, committed 7232K, reserved 1048576K
}
Event: 82.508 GC heap before
{Heap before GC invocations=431 (full 3):
 PSYoungGen      total 3584K, used 2759K [0x00000000eab00000, 0x00000000eb200000, 0x0000000100000000)
  eden space 2560K, 97% used [0x00000000eab00000,0x00000000ead71d70,0x00000000ead80000)
  from space 1024K, 25% used [0x00000000eb080000,0x00000000eb0c0000,0x00000000eb180000)
  to   space 512K, 0% used [0x00000000eb180000,0x00000000eb180000,0x00000000eb200000)
 ParOldGen       total 434176K, used 433769K [0x00000000c0000000, 0x00000000da800000, 0x00000000eab00000)
  object space 434176K, 99% used [0x00000000c0000000,0x00000000da79a6e0,0x00000000da800000)
 Metaspace       used 64360K, committed 65600K, reserved 1114112K
  class space    used 6733K, committed 7232K, reserved 1048576K
}
Event: 82.512 GC heap after
{Heap after GC invocations=431 (full 3):
 PSYoungGen      total 3072K, used 192K [0x00000000eab00000, 0x00000000eb200000, 0x0000000100000000)
  eden space 2560K, 0% used [0x00000000eab00000,0x00000000eab00000,0x00000000ead80000)
  from space 512K, 37% used [0x00000000eb180000,0x00000000eb1b0000,0x00000000eb200000)
  to   space 512K, 0% used [0x00000000eb100000,0x00000000eb100000,0x00000000eb180000)
 ParOldGen       total 434176K, used 433817K [0x00000000c0000000, 0x00000000da800000, 0x00000000eab00000)
  object space 434176K, 99% used [0x00000000c0000000,0x00000000da7a66e0,0x00000000da800000)
 Metaspace       used 64360K, committed 65600K, reserved 1114112K
  class space    used 6733K, committed 7232K, reserved 1048576K
}
Event: 82.575 GC heap before
{Heap before GC invocations=432 (full 3):
 PSYoungGen      total 3072K, used 2687K [0x00000000eab00000, 0x00000000eb200000, 0x0000000100000000)
  eden space 2560K, 97% used [0x00000000eab00000,0x00000000ead6fd48,0x00000000ead80000)
  from space 512K, 37% used [0x00000000eb180000,0x00000000eb1b0000,0x00000000eb200000)
  to   space 512K, 0% used [0x00000000eb100000,0x00000000eb100000,0x00000000eb180000)
 ParOldGen       total 434176K, used 433817K [0x00000000c0000000, 0x00000000da800000, 0x00000000eab00000)
  object space 434176K, 99% used [0x00000000c0000000,0x00000000da7a66e0,0x00000000da800000)
 Metaspace       used 64360K, committed 65600K, reserved 1114112K
  class space    used 6733K, committed 7232K, reserved 1048576K
}
Event: 82.582 GC heap after
{Heap after GC invocations=432 (full 3):
 PSYoungGen      total 3072K, used 432K [0x00000000eab00000, 0x00000000eb200000, 0x0000000100000000)
  eden space 2560K, 0% used [0x00000000eab00000,0x00000000eab00000,0x00000000ead80000)
  from space 512K, 84% used [0x00000000eb100000,0x00000000eb16c2b8,0x00000000eb180000)
  to   space 512K, 0% used [0x00000000eb180000,0x00000000eb180000,0x00000000eb200000)
 ParOldGen       total 435200K, used 434653K [0x00000000c0000000, 0x00000000da900000, 0x00000000eab00000)
  object space 435200K, 99% used [0x00000000c0000000,0x00000000da877630,0x00000000da900000)
 Metaspace       used 64360K, committed 65600K, reserved 1114112K
  class space    used 6733K, committed 7232K, reserved 1048576K
}
Event: 82.679 GC heap before
{Heap before GC invocations=433 (full 3):
 PSYoungGen      total 3072K, used 2992K [0x00000000eab00000, 0x00000000eb200000, 0x0000000100000000)
  eden space 2560K, 99% used [0x00000000eab00000,0x00000000ead7fff0,0x00000000ead80000)
  from space 512K, 84% used [0x00000000eb100000,0x00000000eb16c2b8,0x00000000eb180000)
  to   space 512K, 0% used [0x00000000eb180000,0x00000000eb180000,0x00000000eb200000)
 ParOldGen       total 435200K, used 434653K [0x00000000c0000000, 0x00000000da900000, 0x00000000eab00000)
  object space 435200K, 99% used [0x00000000c0000000,0x00000000da877630,0x00000000da900000)
 Metaspace       used 64366K, committed 65664K, reserved 1114112K
  class space    used 6736K, committed 7296K, reserved 1048576K
}
Event: 82.682 GC heap after
{Heap after GC invocations=433 (full 3):
 PSYoungGen      total 3072K, used 224K [0x00000000eab00000, 0x00000000eb200000, 0x0000000100000000)
  eden space 2560K, 0% used [0x00000000eab00000,0x00000000eab00000,0x00000000ead80000)
  from space 512K, 43% used [0x00000000eb180000,0x00000000eb1b8000,0x00000000eb200000)
  to   space 512K, 0% used [0x00000000eb100000,0x00000000eb100000,0x00000000eb180000)
 ParOldGen       total 435200K, used 434685K [0x00000000c0000000, 0x00000000da900000, 0x00000000eab00000)
  object space 435200K, 99% used [0x00000000c0000000,0x00000000da87f630,0x00000000da900000)
 Metaspace       used 64366K, committed 65664K, reserved 1114112K
  class space    used 6736K, committed 7296K, reserved 1048576K
}
Event: 83.216 GC heap before
{Heap before GC invocations=434 (full 3):
 PSYoungGen      total 3072K, used 2761K [0x00000000eab00000, 0x00000000eb200000, 0x0000000100000000)
  eden space 2560K, 99% used [0x00000000eab00000,0x00000000ead7a5b0,0x00000000ead80000)
  from space 512K, 43% used [0x00000000eb180000,0x00000000eb1b8000,0x00000000eb200000)
  to   space 512K, 0% used [0x00000000eb100000,0x00000000eb100000,0x00000000eb180000)
 ParOldGen       total 435200K, used 434685K [0x00000000c0000000, 0x00000000da900000, 0x00000000eab00000)
  object space 435200K, 99% used [0x00000000c0000000,0x00000000da87f630,0x00000000da900000)
 Metaspace       used 64462K, committed 65792K, reserved 1114112K
  class space    used 6740K, committed 7296K, reserved 1048576K
}
Event: 83.221 GC heap after
{Heap after GC invocations=434 (full 3):
 PSYoungGen      total 3072K, used 224K [0x00000000eab00000, 0x00000000eb200000, 0x0000000100000000)
  eden space 2560K, 0% used [0x00000000eab00000,0x00000000eab00000,0x00000000ead80000)
  from space 512K, 43% used [0x00000000eb100000,0x00000000eb138000,0x00000000eb180000)
  to   space 512K, 0% used [0x00000000eb180000,0x00000000eb180000,0x00000000eb200000)
 ParOldGen       total 435200K, used 434749K [0x00000000c0000000, 0x00000000da900000, 0x00000000eab00000)
  object space 435200K, 99% used [0x00000000c0000000,0x00000000da88f630,0x00000000da900000)
 Metaspace       used 64462K, committed 65792K, reserved 1114112K
  class space    used 6740K, committed 7296K, reserved 1048576K
}
Event: 83.245 GC heap before
{Heap before GC invocations=435 (full 3):
 PSYoungGen      total 3072K, used 2262K [0x00000000eab00000, 0x00000000eb200000, 0x0000000100000000)
  eden space 2560K, 79% used [0x00000000eab00000,0x00000000eacfd9a8,0x00000000ead80000)
  from space 512K, 43% used [0x00000000eb100000,0x00000000eb138000,0x00000000eb180000)
  to   space 512K, 0% used [0x00000000eb180000,0x00000000eb180000,0x00000000eb200000)
 ParOldGen       total 435200K, used 434749K [0x00000000c0000000, 0x00000000da900000, 0x00000000eab00000)
  object space 435200K, 99% used [0x00000000c0000000,0x00000000da88f630,0x00000000da900000)
 Metaspace       used 64462K, committed 65792K, reserved 1114112K
  class space    used 6740K, committed 7296K, reserved 1048576K
}
Event: 83.253 GC heap after
{Heap after GC invocations=435 (full 3):
 PSYoungGen      total 3072K, used 96K [0x00000000eab00000, 0x00000000eb200000, 0x0000000100000000)
  eden space 2560K, 0% used [0x00000000eab00000,0x00000000eab00000,0x00000000ead80000)
  from space 512K, 18% used [0x00000000eb180000,0x00000000eb198000,0x00000000eb200000)
  to   space 512K, 0% used [0x00000000eb100000,0x00000000eb100000,0x00000000eb180000)
 ParOldGen       total 435200K, used 434853K [0x00000000c0000000, 0x00000000da900000, 0x00000000eab00000)
  object space 435200K, 99% used [0x00000000c0000000,0x00000000da8a9630,0x00000000da900000)
 Metaspace       used 64462K, committed 65792K, reserved 1114112K
  class space    used 6740K, committed 7296K, reserved 1048576K
}
Event: 83.300 GC heap before
{Heap before GC invocations=436 (full 3):
 PSYoungGen      total 3072K, used 2656K [0x00000000eab00000, 0x00000000eb200000, 0x0000000100000000)
  eden space 2560K, 100% used [0x00000000eab00000,0x00000000ead80000,0x00000000ead80000)
  from space 512K, 18% used [0x00000000eb180000,0x00000000eb198000,0x00000000eb200000)
  to   space 512K, 0% used [0x00000000eb100000,0x00000000eb100000,0x00000000eb180000)
 ParOldGen       total 435200K, used 434853K [0x00000000c0000000, 0x00000000da900000, 0x00000000eab00000)
  object space 435200K, 99% used [0x00000000c0000000,0x00000000da8a9630,0x00000000da900000)
 Metaspace       used 64474K, committed 65792K, reserved 1114112K
  class space    used 6742K, committed 7296K, reserved 1048576K
}
Event: 83.307 GC heap after
{Heap after GC invocations=436 (full 3):
 PSYoungGen      total 3072K, used 160K [0x00000000eab00000, 0x00000000eb200000, 0x0000000100000000)
  eden space 2560K, 0% used [0x00000000eab00000,0x00000000eab00000,0x00000000ead80000)
  from space 512K, 31% used [0x00000000eb100000,0x00000000eb128000,0x00000000eb180000)
  to   space 512K, 0% used [0x00000000eb180000,0x00000000eb180000,0x00000000eb200000)
 ParOldGen       total 435200K, used 434861K [0x00000000c0000000, 0x00000000da900000, 0x00000000eab00000)
  object space 435200K, 99% used [0x00000000c0000000,0x00000000da8ab630,0x00000000da900000)
 Metaspace       used 64474K, committed 65792K, reserved 1114112K
  class space    used 6742K, committed 7296K, reserved 1048576K
}

Dll operation events (12 events):
Event: 0.014 Loaded shared library c:\Users\Shusmitha\.trae\extensions\redhat.java-1.41.1-win32-x64\jre\21.0.6-win32-x86_64\bin\java.dll
Event: 0.362 Loaded shared library c:\Users\Shusmitha\.trae\extensions\redhat.java-1.41.1-win32-x64\jre\21.0.6-win32-x86_64\bin\zip.dll
Event: 0.472 Loaded shared library C:\Users\Shusmitha\.trae\extensions\redhat.java-1.41.1-win32-x64\jre\21.0.6-win32-x86_64\bin\instrument.dll
Event: 0.479 Loaded shared library C:\Users\Shusmitha\.trae\extensions\redhat.java-1.41.1-win32-x64\jre\21.0.6-win32-x86_64\bin\net.dll
Event: 0.486 Loaded shared library C:\Users\Shusmitha\.trae\extensions\redhat.java-1.41.1-win32-x64\jre\21.0.6-win32-x86_64\bin\nio.dll
Event: 0.617 Loaded shared library C:\Users\Shusmitha\.trae\extensions\redhat.java-1.41.1-win32-x64\jre\21.0.6-win32-x86_64\bin\zip.dll
Event: 0.664 Loaded shared library C:\Users\Shusmitha\.trae\extensions\redhat.java-1.41.1-win32-x64\jre\21.0.6-win32-x86_64\bin\jimage.dll
Event: 0.949 Loaded shared library c:\Users\Shusmitha\.trae\extensions\redhat.java-1.41.1-win32-x64\jre\21.0.6-win32-x86_64\bin\verify.dll
Event: 4.596 Loaded shared library C:\Users\Shusmitha\AppData\Roaming\Trae\User\globalStorage\redhat.java\1.41.1\config_win\org.eclipse.equinox.launcher\org.eclipse.equinox.launcher.win32.win32.x86_64_1.2.1300.v20250331-1702\eclipse_11911.dll
Event: 27.725 Loaded shared library C:\Users\Shusmitha\AppData\Local\Temp\jna-1028790622\jna4314843924633037726.dll
Event: 30.397 Loaded shared library C:\Users\Shusmitha\.trae\extensions\redhat.java-1.41.1-win32-x64\jre\21.0.6-win32-x86_64\bin\sunmscapi.dll
Event: 30.551 Loaded shared library C:\Users\Shusmitha\.trae\extensions\redhat.java-1.41.1-win32-x64\jre\21.0.6-win32-x86_64\bin\extnet.dll

Deoptimization events (20 events):
Event: 81.829 Thread 0x00000248f76b0360 DEOPT PACKING pc=0x0000024887fd74a4 sp=0x000000fb884fd9b0
Event: 81.829 Thread 0x00000248f76b0360 DEOPT UNPACKING pc=0x0000024887583aa2 sp=0x000000fb884fd8b0 mode 2
Event: 81.830 Thread 0x00000248f76b0360 Uncommon trap: trap_request=0xffffffd6 fr.pc=0x0000024887fac2c0 relative=0x00000000000004e0
Event: 81.830 Thread 0x00000248f76b0360 Uncommon trap: reason=array_check action=maybe_recompile pc=0x0000024887fac2c0 method=java.util.TimSort.binarySort([Ljava/lang/Object;IIILjava/util/Comparator;)V @ 215 c2
Event: 81.830 Thread 0x00000248f76b0360 DEOPT PACKING pc=0x0000024887fac2c0 sp=0x000000fb884fd8e0
Event: 81.830 Thread 0x00000248f76b0360 DEOPT UNPACKING pc=0x0000024887583aa2 sp=0x000000fb884fd8a0 mode 2
Event: 82.476 Thread 0x00000248f76b0360 DEOPT PACKING pc=0x0000024880f2e41f sp=0x000000fb884fda60
Event: 82.476 Thread 0x00000248f76b0360 DEOPT UNPACKING pc=0x0000024887584242 sp=0x000000fb884fced0 mode 0
Event: 83.227 Thread 0x00000248f76b0360 DEOPT PACKING pc=0x000002488172e5fb sp=0x000000fb884fdc30
Event: 83.227 Thread 0x00000248f76b0360 DEOPT UNPACKING pc=0x0000024887584242 sp=0x000000fb884fd0a0 mode 0
Event: 83.230 Thread 0x00000248f76b0360 DEOPT PACKING pc=0x00000248803da31d sp=0x000000fb884fda20
Event: 83.230 Thread 0x00000248f76b0360 DEOPT UNPACKING pc=0x0000024887584242 sp=0x000000fb884fd008 mode 0
Event: 83.236 Thread 0x00000248f76b0360 DEOPT PACKING pc=0x000002488172e5fb sp=0x000000fb884fdc30
Event: 83.236 Thread 0x00000248f76b0360 DEOPT UNPACKING pc=0x0000024887584242 sp=0x000000fb884fd0a0 mode 0
Event: 83.258 Thread 0x00000248f76b0360 DEOPT PACKING pc=0x000002488172e5fb sp=0x000000fb884fdc30
Event: 83.258 Thread 0x00000248f76b0360 DEOPT UNPACKING pc=0x0000024887584242 sp=0x000000fb884fd0a0 mode 0
Event: 83.259 Thread 0x00000248f76b0360 DEOPT PACKING pc=0x000002488172e5fb sp=0x000000fb884fdc30
Event: 83.259 Thread 0x00000248f76b0360 DEOPT UNPACKING pc=0x0000024887584242 sp=0x000000fb884fd0a0 mode 0
Event: 83.312 Thread 0x00000248f76b0360 DEOPT PACKING pc=0x00000248814f922f sp=0x000000fb884fb900
Event: 83.312 Thread 0x00000248f76b0360 DEOPT UNPACKING pc=0x0000024887584242 sp=0x000000fb884fadc8 mode 0

Classes loaded (20 events):
Event: 65.068 Loading class java/io/ObjectStreamClass$ExceptionInfo
Event: 65.068 Loading class java/io/ObjectStreamClass$ExceptionInfo done
Event: 65.069 Loading class java/io/ObjectStreamClass$1
Event: 65.069 Loading class java/io/ObjectStreamClass$1 done
Event: 65.069 Loading class java/io/ObjectStreamClass$MemberSignature
Event: 65.070 Loading class java/io/ObjectStreamClass$MemberSignature done
Event: 65.070 Loading class java/io/ObjectStreamClass$3
Event: 65.070 Loading class java/io/ObjectStreamClass$3 done
Event: 65.070 Loading class java/io/ObjectStreamClass$4
Event: 65.070 Loading class java/io/ObjectStreamClass$4 done
Event: 65.070 Loading class java/io/ObjectStreamClass$5
Event: 65.070 Loading class java/io/ObjectStreamClass$5 done
Event: 65.389 Loading class java/util/ArrayDeque$DeqSpliterator
Event: 65.391 Loading class java/util/ArrayDeque$DeqSpliterator done
Event: 69.299 Loading class java/util/zip/ZipError
Event: 69.300 Loading class java/util/zip/ZipError done
Event: 75.996 Loading class sun/nio/fs/WindowsFileCopy
Event: 75.999 Loading class sun/nio/fs/WindowsFileCopy done
Event: 83.273 Loading class java/io/BufferedReader$1
Event: 83.275 Loading class java/io/BufferedReader$1 done

Classes unloaded (7 events):
Event: 28.637 Thread 0x00000248f06e0e00 Unloading class 0x000002489019ec00 'java/lang/invoke/LambdaForm$MH+0x000002489019ec00'
Event: 28.637 Thread 0x00000248f06e0e00 Unloading class 0x000002489019e800 'java/lang/invoke/LambdaForm$MH+0x000002489019e800'
Event: 28.637 Thread 0x00000248f06e0e00 Unloading class 0x000002489019e400 'java/lang/invoke/LambdaForm$MH+0x000002489019e400'
Event: 28.637 Thread 0x00000248f06e0e00 Unloading class 0x000002489019e000 'java/lang/invoke/LambdaForm$MH+0x000002489019e000'
Event: 28.637 Thread 0x00000248f06e0e00 Unloading class 0x000002489019dc00 'java/lang/invoke/LambdaForm$BMH+0x000002489019dc00'
Event: 28.637 Thread 0x00000248f06e0e00 Unloading class 0x000002489019d800 'java/lang/invoke/LambdaForm$DMH+0x000002489019d800'
Event: 28.637 Thread 0x00000248f06e0e00 Unloading class 0x000002489019c400 'java/lang/invoke/LambdaForm$DMH+0x000002489019c400'

Classes redefined (0 events):
No events

Internal exceptions (20 events):
Event: 77.218 Thread 0x00000248f76b2430 Exception <a 'sun/nio/fs/WindowsException'{0x00000000eac170b8}> (0x00000000eac170b8) 
thrown [s\src\hotspot\share\prims\jni.cpp, line 520]
Event: 81.806 Thread 0x00000248f76b0360 Exception <a 'sun/nio/fs/WindowsException'{0x00000000eaced1f8}> (0x00000000eaced1f8) 
thrown [s\src\hotspot\share\prims\jni.cpp, line 520]
Event: 81.807 Thread 0x00000248f76b0360 Exception <a 'sun/nio/fs/WindowsException'{0x00000000eacedd68}> (0x00000000eacedd68) 
thrown [s\src\hotspot\share\prims\jni.cpp, line 520]
Event: 81.812 Thread 0x00000248f76b0360 Exception <a 'sun/nio/fs/WindowsException'{0x00000000ead2c898}> (0x00000000ead2c898) 
thrown [s\src\hotspot\share\prims\jni.cpp, line 520]
Event: 81.820 Thread 0x00000248f76b0360 Exception <a 'java/io/FileNotFoundException'{0x00000000ead3dab0}> (0x00000000ead3dab0) 
thrown [s\src\hotspot\share\prims\jni.cpp, line 520]
Event: 81.820 Thread 0x00000248f76b0360 Exception <a 'java/io/FileNotFoundException'{0x00000000ead3ed68}> (0x00000000ead3ed68) 
thrown [s\src\hotspot\share\prims\jni.cpp, line 520]
Event: 82.291 Thread 0x00000248f76b0360 Exception <a 'sun/nio/fs/WindowsException'{0x00000000eacee418}> (0x00000000eacee418) 
thrown [s\src\hotspot\share\prims\jni.cpp, line 520]
Event: 82.291 Thread 0x00000248f76b0360 Exception <a 'sun/nio/fs/WindowsException'{0x00000000eaceef48}> (0x00000000eaceef48) 
thrown [s\src\hotspot\share\prims\jni.cpp, line 520]
Event: 82.296 Thread 0x00000248f76b0360 Exception <a 'sun/nio/fs/WindowsException'{0x00000000ead34a20}> (0x00000000ead34a20) 
thrown [s\src\hotspot\share\prims\jni.cpp, line 520]
Event: 82.296 Thread 0x00000248f76b0360 Exception <a 'sun/nio/fs/WindowsException'{0x00000000ead35300}> (0x00000000ead35300) 
thrown [s\src\hotspot\share\prims\jni.cpp, line 520]
Event: 82.306 Thread 0x00000248f76b0360 Exception <a 'sun/nio/fs/WindowsException'{0x00000000ead67090}> (0x00000000ead67090) 
thrown [s\src\hotspot\share\prims\jni.cpp, line 520]
Event: 82.307 Thread 0x00000248f76b0360 Exception <a 'sun/nio/fs/WindowsException'{0x00000000ead67970}> (0x00000000ead67970) 
thrown [s\src\hotspot\share\prims\jni.cpp, line 520]
Event: 82.320 Thread 0x00000248f76b0360 Exception <a 'sun/nio/fs/WindowsException'{0x00000000eab2c408}> (0x00000000eab2c408) 
thrown [s\src\hotspot\share\prims\jni.cpp, line 520]
Event: 82.320 Thread 0x00000248f76b0360 Exception <a 'sun/nio/fs/WindowsException'{0x00000000eab2cce8}> (0x00000000eab2cce8) 
thrown [s\src\hotspot\share\prims\jni.cpp, line 520]
Event: 83.073 Thread 0x00000248f76b0360 Exception <a 'sun/nio/fs/WindowsException'{0x00000000eabe4730}> (0x00000000eabe4730) 
thrown [s\src\hotspot\share\prims\jni.cpp, line 520]
Event: 83.074 Thread 0x00000248f76b0360 Exception <a 'sun/nio/fs/WindowsException'{0x00000000eabe5010}> (0x00000000eabe5010) 
thrown [s\src\hotspot\share\prims\jni.cpp, line 520]
Event: 83.094 Thread 0x00000248f76b0360 Exception <a 'sun/nio/fs/WindowsException'{0x00000000eac1c0e8}> (0x00000000eac1c0e8) 
thrown [s\src\hotspot\share\prims\jni.cpp, line 520]
Event: 83.094 Thread 0x00000248f76b0360 Exception <a 'sun/nio/fs/WindowsException'{0x00000000eac1c9c8}> (0x00000000eac1c9c8) 
thrown [s\src\hotspot\share\prims\jni.cpp, line 520]
Event: 83.100 Thread 0x00000248f76b0360 Exception <a 'sun/nio/fs/WindowsException'{0x00000000eac5e6b0}> (0x00000000eac5e6b0) 
thrown [s\src\hotspot\share\prims\jni.cpp, line 520]
Event: 83.100 Thread 0x00000248f76b0360 Exception <a 'sun/nio/fs/WindowsException'{0x00000000eac5ef90}> (0x00000000eac5ef90) 
thrown [s\src\hotspot\share\prims\jni.cpp, line 520]

ZGC Phase Switch (0 events):
No events

VM Operations (20 events):
Event: 76.928 Executing VM operation: ParallelGCFailedAllocation (Allocation Failure)
Event: 76.936 Executing VM operation: ParallelGCFailedAllocation (Allocation Failure) done
Event: 77.076 Executing VM operation: ParallelGCFailedAllocation (Allocation Failure)
Event: 77.080 Executing VM operation: ParallelGCFailedAllocation (Allocation Failure) done
Event: 81.851 Executing VM operation: ParallelGCFailedAllocation (Allocation Failure)
Event: 81.855 Executing VM operation: ParallelGCFailedAllocation (Allocation Failure) done
Event: 82.308 Executing VM operation: ParallelGCFailedAllocation (Allocation Failure)
Event: 82.317 Executing VM operation: ParallelGCFailedAllocation (Allocation Failure) done
Event: 82.508 Executing VM operation: ParallelGCFailedAllocation (Allocation Failure)
Event: 82.512 Executing VM operation: ParallelGCFailedAllocation (Allocation Failure) done
Event: 82.575 Executing VM operation: ParallelGCFailedAllocation (Allocation Failure)
Event: 82.582 Executing VM operation: ParallelGCFailedAllocation (Allocation Failure) done
Event: 82.679 Executing VM operation: ParallelGCFailedAllocation (Allocation Failure)
Event: 82.682 Executing VM operation: ParallelGCFailedAllocation (Allocation Failure) done
Event: 83.216 Executing VM operation: ParallelGCFailedAllocation (Allocation Failure)
Event: 83.221 Executing VM operation: ParallelGCFailedAllocation (Allocation Failure) done
Event: 83.245 Executing VM operation: ParallelGCFailedAllocation (Allocation Failure)
Event: 83.253 Executing VM operation: ParallelGCFailedAllocation (Allocation Failure) done
Event: 83.300 Executing VM operation: ParallelGCFailedAllocation (Allocation Failure)
Event: 83.307 Executing VM operation: ParallelGCFailedAllocation (Allocation Failure) done

Memory protections (0 events):
No events

Nmethod flushes (20 events):
Event: 38.418 Thread 0x00000248f06e0e00 flushing  nmethod 0x00000248807f1b10
Event: 38.418 Thread 0x00000248f06e0e00 flushing osr nmethod 0x0000024880825210
Event: 38.418 Thread 0x00000248f06e0e00 flushing  nmethod 0x0000024880851210
Event: 38.418 Thread 0x00000248f06e0e00 flushing  nmethod 0x0000024880857090
Event: 38.418 Thread 0x00000248f06e0e00 flushing  nmethod 0x0000024880865310
Event: 38.418 Thread 0x00000248f06e0e00 flushing  nmethod 0x0000024880867a10
Event: 38.418 Thread 0x00000248f06e0e00 flushing  nmethod 0x0000024880878a10
Event: 38.418 Thread 0x00000248f06e0e00 flushing  nmethod 0x0000024880879c10
Event: 38.418 Thread 0x00000248f06e0e00 flushing  nmethod 0x000002488087b010
Event: 38.418 Thread 0x00000248f06e0e00 flushing  nmethod 0x000002488087b490
Event: 38.418 Thread 0x00000248f06e0e00 flushing  nmethod 0x000002488087ba90
Event: 38.418 Thread 0x00000248f06e0e00 flushing  nmethod 0x000002488087f810
Event: 38.418 Thread 0x00000248f06e0e00 flushing  nmethod 0x000002488087ff10
Event: 38.418 Thread 0x00000248f06e0e00 flushing  nmethod 0x0000024880881e10
Event: 38.418 Thread 0x00000248f06e0e00 flushing  nmethod 0x0000024880882190
Event: 38.418 Thread 0x00000248f06e0e00 flushing  nmethod 0x000002488088bd10
Event: 38.418 Thread 0x00000248f06e0e00 flushing  nmethod 0x0000024880891b10
Event: 38.418 Thread 0x00000248f06e0e00 flushing  nmethod 0x00000248808ac610
Event: 38.418 Thread 0x00000248f06e0e00 flushing  nmethod 0x00000248808c3e90
Event: 38.418 Thread 0x00000248f06e0e00 flushing  nmethod 0x0000024880923390

Events (20 events):
Event: 65.544 Thread 0x00000248f76b0360 Thread added: 0x00000248fc7516c0
Event: 65.544 Thread 0x00000248f76b0360 Thread added: 0x00000248fc751030
Event: 65.544 Thread 0x00000248f76b0360 Thread added: 0x00000248fc753100
Event: 65.544 Thread 0x00000248f76b0360 Thread added: 0x00000248fc753790
Event: 67.005 Thread 0x00000248fc74fc80 Thread exited: 0x00000248fc74fc80
Event: 67.005 Thread 0x00000248fc753790 Thread exited: 0x00000248fc753790
Event: 67.005 Thread 0x00000248fc7516c0 Thread exited: 0x00000248fc7516c0
Event: 67.006 Thread 0x00000248fc751030 Thread exited: 0x00000248fc751030
Event: 67.006 Thread 0x00000248fc753100 Thread exited: 0x00000248fc753100
Event: 67.570 Thread 0x00000248f740b670 Thread added: 0x00000248da94ac60
Event: 68.182 Thread 0x00000248da94ac60 Thread exited: 0x00000248da94ac60
Event: 69.280 Thread 0x00000248f740b670 Thread added: 0x00000248da94ac60
Event: 69.411 Thread 0x00000248fcde5600 Thread added: 0x00000248fc753e20
Event: 69.884 Thread 0x00000248da94ac60 Thread exited: 0x00000248da94ac60
Event: 76.106 Thread 0x00000248f740b670 Thread added: 0x00000248fceb1e50
Event: 76.122 Thread 0x00000248f740b670 Thread added: 0x00000248d0abb6d0
Event: 76.431 Thread 0x00000248d0abb6d0 Thread exited: 0x00000248d0abb6d0
Event: 76.471 Thread 0x00000248fceb1e50 Thread exited: 0x00000248fceb1e50
Event: 76.672 Thread 0x00000248f59fb4c0 Thread added: 0x00000248d0abd210
Event: 76.961 Thread 0x00000248d0abd210 Thread exited: 0x00000248d0abd210


Dynamic libraries:
0x00007ff71c3d0000 - 0x00007ff71c3de000 	c:\Users\Shusmitha\.trae\extensions\redhat.java-1.41.1-win32-x64\jre\21.0.6-win32-x86_64\bin\java.exe
0x00007ffff9230000 - 0x00007ffff9447000 	C:\Windows\SYSTEM32\ntdll.dll
0x00007ffff8770000 - 0x00007ffff8834000 	C:\Windows\System32\KERNEL32.DLL
0x00007ffff68e0000 - 0x00007ffff6cb3000 	C:\Windows\System32\KERNELBASE.dll
0x00007ffff6cc0000 - 0x00007ffff6dd1000 	C:\Windows\System32\ucrtbase.dll
0x00007fffde8e0000 - 0x00007fffde8f8000 	c:\Users\Shusmitha\.trae\extensions\redhat.java-1.41.1-win32-x64\jre\21.0.6-win32-x86_64\bin\jli.dll
0x00007fffde8c0000 - 0x00007fffde8de000 	c:\Users\Shusmitha\.trae\extensions\redhat.java-1.41.1-win32-x64\jre\21.0.6-win32-x86_64\bin\VCRUNTIME140.dll
0x00007ffff85b0000 - 0x00007ffff8761000 	C:\Windows\System32\USER32.dll
0x00007ffff6340000 - 0x00007ffff6366000 	C:\Windows\System32\win32u.dll
0x00007ffff6f50000 - 0x00007ffff6f79000 	C:\Windows\System32\GDI32.dll
0x00007fffe6eb0000 - 0x00007fffe7148000 	C:\Windows\WinSxS\amd64_microsoft.windows.common-controls_6595b64144ccf1df_6.0.22621.5124_none_270e8f4f7386d69d\COMCTL32.dll
0x00007ffff6560000 - 0x00007ffff667b000 	C:\Windows\System32\gdi32full.dll
0x00007ffff6f80000 - 0x00007ffff7027000 	C:\Windows\System32\msvcrt.dll
0x00007ffff6840000 - 0x00007ffff68da000 	C:\Windows\System32\msvcp_win.dll
0x00007ffff70e0000 - 0x00007ffff7111000 	C:\Windows\System32\IMM32.DLL
0x00007fffe0a30000 - 0x00007fffe0a3c000 	c:\Users\Shusmitha\.trae\extensions\redhat.java-1.41.1-win32-x64\jre\21.0.6-win32-x86_64\bin\vcruntime140_1.dll
0x00007fffd2660000 - 0x00007fffd26ed000 	c:\Users\Shusmitha\.trae\extensions\redhat.java-1.41.1-win32-x64\jre\21.0.6-win32-x86_64\bin\msvcp140.dll
0x00007fff3f080000 - 0x00007fff3fe10000 	c:\Users\Shusmitha\.trae\extensions\redhat.java-1.41.1-win32-x64\jre\21.0.6-win32-x86_64\bin\server\jvm.dll
0x00007ffff7140000 - 0x00007ffff71f1000 	C:\Windows\System32\ADVAPI32.dll
0x00007ffff7030000 - 0x00007ffff70d8000 	C:\Windows\System32\sechost.dll
0x00007ffff6de0000 - 0x00007ffff6e08000 	C:\Windows\System32\bcrypt.dll
0x00007ffff7a10000 - 0x00007ffff7b24000 	C:\Windows\System32\RPCRT4.dll
0x00007ffff6ed0000 - 0x00007ffff6f41000 	C:\Windows\System32\WS2_32.dll
0x00007ffff5180000 - 0x00007ffff51cd000 	C:\Windows\SYSTEM32\POWRPROF.dll
0x00007ffff24b0000 - 0x00007ffff24e4000 	C:\Windows\SYSTEM32\WINMM.dll
0x00007ffff2c60000 - 0x00007ffff2c6a000 	C:\Windows\SYSTEM32\VERSION.dll
0x00007ffff5160000 - 0x00007ffff5173000 	C:\Windows\SYSTEM32\UMPDC.dll
0x00007ffff5420000 - 0x00007ffff5438000 	C:\Windows\SYSTEM32\kernel.appcore.dll
0x00007fffe09f0000 - 0x00007fffe09fa000 	c:\Users\Shusmitha\.trae\extensions\redhat.java-1.41.1-win32-x64\jre\21.0.6-win32-x86_64\bin\jimage.dll
0x00007fffef2c0000 - 0x00007fffef4f2000 	C:\Windows\SYSTEM32\DBGHELP.DLL
0x00007ffff7340000 - 0x00007ffff76d2000 	C:\Windows\System32\combase.dll
0x00007ffff9080000 - 0x00007ffff9157000 	C:\Windows\System32\OLEAUT32.dll
0x00007fffdbc60000 - 0x00007fffdbc92000 	C:\Windows\SYSTEM32\dbgcore.DLL
0x00007ffff67c0000 - 0x00007ffff683b000 	C:\Windows\System32\bcryptPrimitives.dll
0x00007fffd2620000 - 0x00007fffd262f000 	c:\Users\Shusmitha\.trae\extensions\redhat.java-1.41.1-win32-x64\jre\21.0.6-win32-x86_64\bin\instrument.dll
0x00007fffd2600000 - 0x00007fffd261f000 	c:\Users\Shusmitha\.trae\extensions\redhat.java-1.41.1-win32-x64\jre\21.0.6-win32-x86_64\bin\java.dll
0x00007ffff7d10000 - 0x00007ffff85a6000 	C:\Windows\System32\SHELL32.dll
0x00007ffff6680000 - 0x00007ffff67bf000 	C:\Windows\System32\wintypes.dll
0x00007ffff4220000 - 0x00007ffff4b3a000 	C:\Windows\SYSTEM32\windows.storage.dll
0x00007ffff8d20000 - 0x00007ffff8e2a000 	C:\Windows\System32\SHCORE.dll
0x00007ffff9010000 - 0x00007ffff9073000 	C:\Windows\System32\shlwapi.dll
0x00007ffff6270000 - 0x00007ffff629b000 	C:\Windows\SYSTEM32\profapi.dll
0x00007fff562e0000 - 0x00007fff562f8000 	c:\Users\Shusmitha\.trae\extensions\redhat.java-1.41.1-win32-x64\jre\21.0.6-win32-x86_64\bin\zip.dll
0x00007fffd25d0000 - 0x00007fffd25e0000 	C:\Users\Shusmitha\.trae\extensions\redhat.java-1.41.1-win32-x64\jre\21.0.6-win32-x86_64\bin\net.dll
0x00007ffff20f0000 - 0x00007ffff221c000 	C:\Windows\SYSTEM32\WINHTTP.dll
0x00007ffff5890000 - 0x00007ffff58fa000 	C:\Windows\system32\mswsock.dll
0x00007fff55d20000 - 0x00007fff55d36000 	C:\Users\Shusmitha\.trae\extensions\redhat.java-1.41.1-win32-x64\jre\21.0.6-win32-x86_64\bin\nio.dll
0x00007fffd25f0000 - 0x00007fffd2600000 	c:\Users\Shusmitha\.trae\extensions\redhat.java-1.41.1-win32-x64\jre\21.0.6-win32-x86_64\bin\verify.dll
0x00007fff55070000 - 0x00007fff550b5000 	C:\Users\Shusmitha\AppData\Roaming\Trae\User\globalStorage\redhat.java\1.41.1\config_win\org.eclipse.equinox.launcher\org.eclipse.equinox.launcher.win32.win32.x86_64_1.2.1300.v20250331-1702\eclipse_11911.dll
0x00007ffff76f0000 - 0x00007ffff7891000 	C:\Windows\System32\ole32.dll
0x00007ffff5ad0000 - 0x00007ffff5aeb000 	C:\Windows\SYSTEM32\CRYPTSP.dll
0x00007ffff5380000 - 0x00007ffff53b7000 	C:\Windows\system32\rsaenh.dll
0x00007ffff5940000 - 0x00007ffff5968000 	C:\Windows\SYSTEM32\USERENV.dll
0x00007ffff5ac0000 - 0x00007ffff5acc000 	C:\Windows\SYSTEM32\CRYPTBASE.dll
0x00007ffff4e50000 - 0x00007ffff4e7d000 	C:\Windows\SYSTEM32\IPHLPAPI.DLL
0x00007ffff7a00000 - 0x00007ffff7a09000 	C:\Windows\System32\NSI.dll
0x00007fff57c60000 - 0x00007fff57ca9000 	C:\Users\Shusmitha\AppData\Local\Temp\jna-1028790622\jna4314843924633037726.dll
0x00007ffff76e0000 - 0x00007ffff76e8000 	C:\Windows\System32\PSAPI.DLL
0x00007ffff23e0000 - 0x00007ffff23f9000 	C:\Windows\SYSTEM32\dhcpcsvc6.DLL
0x00007ffff20d0000 - 0x00007ffff20ef000 	C:\Windows\SYSTEM32\dhcpcsvc.DLL
0x00007fffe0a60000 - 0x00007fffe0a6e000 	C:\Users\Shusmitha\.trae\extensions\redhat.java-1.41.1-win32-x64\jre\21.0.6-win32-x86_64\bin\sunmscapi.dll
0x00007ffff6370000 - 0x00007ffff64d7000 	C:\Windows\System32\CRYPT32.dll
0x00007ffff5cf0000 - 0x00007ffff5d1d000 	C:\Windows\SYSTEM32\ncrypt.dll
0x00007ffff5cb0000 - 0x00007ffff5ce7000 	C:\Windows\SYSTEM32\NTASN1.dll
0x00007ffff4e80000 - 0x00007ffff4f82000 	C:\Windows\SYSTEM32\DNSAPI.dll
0x00007fffe04e0000 - 0x00007fffe04ea000 	C:\Windows\System32\rasadhlp.dll
0x00007fffef930000 - 0x00007fffef9b3000 	C:\Windows\System32\fwpuclnt.dll
0x00007fffd2650000 - 0x00007fffd2659000 	C:\Users\Shusmitha\.trae\extensions\redhat.java-1.41.1-win32-x64\jre\21.0.6-win32-x86_64\bin\extnet.dll

dbghelp: loaded successfully - version: 4.0.5 - missing functions: none
symbol engine: initialized successfully - sym options: 0x614 - pdb path: .;c:\Users\Shusmitha\.trae\extensions\redhat.java-1.41.1-win32-x64\jre\21.0.6-win32-x86_64\bin;C:\Windows\SYSTEM32;C:\Windows\WinSxS\amd64_microsoft.windows.common-controls_6595b64144ccf1df_6.0.22621.5124_none_270e8f4f7386d69d;c:\Users\Shusmitha\.trae\extensions\redhat.java-1.41.1-win32-x64\jre\21.0.6-win32-x86_64\bin\server;C:\Users\Shusmitha\AppData\Roaming\Trae\User\globalStorage\redhat.java\1.41.1\config_win\org.eclipse.equinox.launcher\org.eclipse.equinox.launcher.win32.win32.x86_64_1.2.1300.v20250331-1702;C:\Users\Shusmitha\AppData\Local\Temp\jna-1028790622

VM Arguments:
jvm_args: --add-modules=ALL-SYSTEM --add-opens=java.base/java.util=ALL-UNNAMED --add-opens=java.base/java.lang=ALL-UNNAMED --add-opens=java.base/sun.nio.fs=ALL-UNNAMED -Declipse.application=org.eclipse.jdt.ls.core.id1 -Dosgi.bundles.defaultStartLevel=4 -Declipse.product=org.eclipse.jdt.ls.core.product -Djava.import.generatesMetadataFilesAtProjectRoot=false -DDetectVMInstallationsJob.disabled=true -Dfile.encoding=utf8 -XX:+UseParallelGC -XX:GCTimeRatio=4 -XX:AdaptiveSizePolicyWeight=90 -Dsun.zip.disableMemoryMapping=true -Xmx1G -Xms100m -Xlog:disable -javaagent:c:\Users\Shusmitha\.trae\extensions\redhat.java-1.41.1-win32-x64\lombok\lombok-1.18.36.jar -XX:+HeapDumpOnOutOfMemoryError -XX:HeapDumpPath=c:\Users\Shusmitha\AppData\Roaming\Trae\User\workspaceStorage\90e09a74f49583c1b4325989ff2b56a8\redhat.java -Daether.dependencyCollector.impl=bf 
java_command: c:\Users\Shusmitha\.trae\extensions\redhat.java-1.41.1-win32-x64\server\plugins\org.eclipse.equinox.launcher_1.7.0.v20250331-1702.jar -configuration c:\Users\Shusmitha\AppData\Roaming\Trae\User\globalStorage\redhat.java\1.41.1\config_win -data c:\Users\Shusmitha\AppData\Roaming\Trae\User\workspaceStorage\90e09a74f49583c1b4325989ff2b56a8\redhat.java\jdt_ws --pipe=\\.\pipe\lsp-300682dd8b23769c9a0e899d4e9c2cdd-sock
java_class_path (initial): c:\Users\Shusmitha\.trae\extensions\redhat.java-1.41.1-win32-x64\server\plugins\org.eclipse.equinox.launcher_1.7.0.v20250331-1702.jar
Launcher Type: SUN_STANDARD

[Global flags]
    uintx AdaptiveSizePolicyWeight                 = 90                                        {product} {command line}
     intx CICompilerCount                          = 4                                         {product} {ergonomic}
    uintx GCTimeRatio                              = 4                                         {product} {command line}
     bool HeapDumpOnOutOfMemoryError               = true                                   {manageable} {command line}
    ccstr HeapDumpPath                             = c:\Users\Shusmitha\AppData\Roaming\Trae\User\workspaceStorage\90e09a74f49583c1b4325989ff2b56a8\redhat.java         {manageable} {command line}
   size_t InitialHeapSize                          = 104857600                                 {product} {command line}
   size_t MaxHeapSize                              = 1073741824                                {product} {command line}
   size_t MaxNewSize                               = 357564416                                 {product} {ergonomic}
   size_t MinHeapDeltaBytes                        = 524288                                    {product} {ergonomic}
   size_t MinHeapSize                              = 104857600                                 {product} {command line}
   size_t NewSize                                  = 34603008                                  {product} {ergonomic}
    uintx NonNMethodCodeHeapSize                   = 5839372                                {pd product} {ergonomic}
    uintx NonProfiledCodeHeapSize                  = 122909434                              {pd product} {ergonomic}
   size_t OldSize                                  = 70254592                                  {product} {ergonomic}
    uintx ProfiledCodeHeapSize                     = 122909434                              {pd product} {ergonomic}
    uintx ReservedCodeCacheSize                    = 251658240                              {pd product} {ergonomic}
     bool SegmentedCodeCache                       = true                                      {product} {ergonomic}
   size_t SoftMaxHeapSize                          = 1073741824                             {manageable} {ergonomic}
     bool UseCompressedOops                        = true                           {product lp64_product} {ergonomic}
     bool UseLargePagesIndividualAllocation        = false                                  {pd product} {ergonomic}
     bool UseParallelGC                            = true                                      {product} {command line}

Logging:
Log output configuration:
 #0: stdout all=off uptime,level,tags foldmultilines=false
 #1: stderr all=off uptime,level,tags foldmultilines=false

Environment Variables:
PATH=C:\Python313\Scripts\;C:\Python313\;C:\Program Files\Common Files\Oracle\Java\javapath;C:\Windows\system32;C:\Windows;C:\Windows\System32\Wbem;C:\Windows\System32\WindowsPowerShell\v1.0\;C:\Windows\System32\OpenSSH\;C:\Program Files\nodejs\;C:\ProgramData\chocolatey\bin;C:\Program Files\Docker\Docker\resources\bin;C:\Program Files\Git\cmd;C:\Program Files (x86)\Windows Kits\10\Windows Performance Toolkit\;C:\Program Files\Maven\apache-maven-3.9.9-bin\apache-maven-3.9.9\bin;C:\Program Files\MySQL\MySQL Server 8.0\bin;C:\Program Files\MySQL\MySQL Shell 8.0\bin\;C:\Python313\Scripts\;C:\Python313\;C:\Program Files\Common Files\Oracle\Java\javapath;C:\Windows\system32;C:\Windows;C:\Windows\System32\Wbem;C:\Windows\System32\WindowsPowerShell\v1.0\;C:\Windows\System32\OpenSSH\;C:\Program Files\nodejs\;C:\ProgramData\chocolatey\bin;C:\Program Files\Docker\Docker\resources\bin;C:\Program Files\Git\cmd;C:\Program Files (x86)\Windows Kits\10\Windows Performance Toolkit\;C:\Program Files\Maven\apache-maven-3.9.9-bin\apache-maven-3.9.9\bin;C:\Program Files\MySQL\MySQL Server 8.0\bin;;C:\Program Files\Maven\apache-maven-3.9.9-bin\apache-maven-3.9.9\bin\bin;c:\Users\Shusmitha\AppData\Local\Programs\Trae\resources\app\bin\lib
USERNAME=Shusmitha
OS=Windows_NT
PROCESSOR_IDENTIFIER=AMD64 Family 25 Model 80 Stepping 0, AuthenticAMD
TMP=C:\Users\SHUSMI~1\AppData\Local\Temp
TEMP=C:\Users\SHUSMI~1\AppData\Local\Temp




Periodic native trim disabled

---------------  S Y S T E M  ---------------

OS:
 Windows 11 , 64 bit Build 22621 (10.0.22621.5124)
OS uptime: 0 days 20:12 hours
Hyper-V role detected

CPU: total 8 (initial active 8) (8 cores per cpu, 2 threads per core) family 25 model 80 stepping 0 microcode 0x0, cx8, cmov, fxsr, ht, mmx, 3dnowpref, sse, sse2, sse3, ssse3, sse4a, sse4.1, sse4.2, popcnt, lzcnt, tsc, tscinvbit, avx, avx2, aes, erms, clmul, bmi1, bmi2, adx, sha, fma, vzeroupper, clflush, clflushopt, hv, rdtscp, rdpid, fsrm, f16c, cet_ss
Processor Information for the first 8 processors :
  Max Mhz: 3301, Current Mhz: 3301, Mhz Limit: 3301

Memory: 4k page, system-wide physical 5996M (355M free)
TotalPageFile size 24428M (AvailPageFile size 0M)
current process WorkingSet (physical memory assigned to process): 529M, peak: 629M
current process commit charge ("private bytes"): 677M, peak: 678M

vm_info: OpenJDK 64-Bit Server VM (21.0.6+7-LTS) for windows-amd64 JRE (21.0.6+7-LTS), built on 2025-01-21T00:00:00Z by "admin" with MS VC++ 17.7 (VS2022)

END.
